<?xml version="1.0" encoding="UTF-8"?>
<!-- Generated by org.testng.reporters.JUnitXMLReporter -->
<testsuite hostname="Alexandr-PC" name="Command line test" tests="104" failures="7" timestamp="9 Apr 2014 20:27:00 GMT" time="5.288" errors="0">
  <testcase name="@AfterMethod tearDownHandleNewUserTargetRules" time="0.0" classname="frontend.handler.TestNUTargetRules">
    <failure type="java.lang.NullPointerException">
      <![CDATA[java.lang.NullPointerException
	at frontend.handler.TestNUTargetRules.tearDownHandleNewUserTargetRules(TestNUTargetRules.java:87)
... Removed 36 stack frames]]>
    </failure>
  </testcase> <!-- @AfterMethod tearDownHandleNewUserTargetRules -->
  <testcase name="testGetAddressByName" time="0.004" classname="messageSystem.AddressServiceImplTest"/>
  <testcase name="testCheckStroke" time="0.067" classname="gameMechanic.GameSessionTest"/>
  <testcase name="testGetFields" time="0.005" classname="gameMechanic.GameSessionTest"/>
  <testcase name="testGetNext" time="0.001" classname="gameMechanic.GameSessionTest"/>
  <testcase name="testGetSnapshot" time="0.004" classname="gameMechanic.GameSessionTest"/>
  <testcase name="testGetWinnerId" time="0.001" classname="gameMechanic.GameSessionTest"/>
  <testcase name="testExec" time="0.062" classname="frontend.newOrLoginUser.MsgAddUserTest"/>
  <testcase name="testExec" time="0.051" classname="messageSystem.MsgToGameChatTest"/>
  <testcase name="testExec" time="0.052" classname="messageSystem.MsgToGameMechanicTest"/>
  <testcase name="testExec" time="0.0" classname="messageSystem.MsgToUserDataTest"/>
  <testcase name="testCreateInstance" time="0.007" classname="utils.ReflectionHelperTest"/>
  <testcase name="testSetFieldValue" time="0.001" classname="utils.ReflectionHelperTest"/>
  <testcase name="testGetResource" time="0.01" classname="resource.ResourceFactoryTest"/>
  <testcase name="testRunCall" time="0.055" classname="utils.SysInfoTest"/>
  <testcase name="testRun" time="0.501" classname="dbService.TestDBServiceImpl"/>
  <testcase name="testAddExistsUDS" time="0.002" classname="dbService.TestDBServiceImpl"/>
  <testcase name="testAddUDS" time="0.006" classname="dbService.TestDBServiceImpl"/>
  <testcase name="testDeleteNoneExistsUDS" time="0.002" classname="dbService.TestDBServiceImpl"/>
  <testcase name="testGetNoneExistUDS" time="0.002" classname="dbService.TestDBServiceImpl"/>
  <testcase name="testUpdateUDS" time="0.004" classname="dbService.TestDBServiceImpl"/>
  <testcase name="testAddMessageToChat" time="0.012" classname="chat.TestChatWSIpml"/>
  <testcase name="testConstructor" time="0.0" classname="chat.TestChatWSIpml"/>
  <testcase name="testOnWebSocketText" time="0.012" classname="chat.TestChatWSIpml"/>
  <testcase name="testHandleNewUserTargeAdmin" time="0.243" classname="frontend.handler.TestNUTargetAdmin">
    <failure type="java.lang.AssertionError" message="expected [true] but found [false]">
      <![CDATA[java.lang.AssertionError: expected [true] but found [false]
	at frontend.handler.TestNUTargetAdmin.testHandleNewUserTargeAdmin(TestNUTargetAdmin.java:85)
... Removed 38 stack frames]]>
    </failure>
  </testcase> <!-- testHandleNewUserTargeAdmin -->
  <testcase name="testHandleNewUserTargetMainPage" time="0.009" classname="frontend.handler.TestNUTargetMainPage"/>
  <testcase name="testHandleNewUserTargetRules" time="0.007" classname="frontend.handler.TestRegUserTargetAdmin">
    <failure type="java.lang.AssertionError" message="expected [true] but found [false]">
      <![CDATA[java.lang.AssertionError: expected [true] but found [false]
	at frontend.handler.TestRegUserTargetAdmin.testHandleNewUserTargetRules(TestRegUserTargetAdmin.java:84)
... Removed 38 stack frames]]>
    </failure>
  </testcase> <!-- testHandleNewUserTargetRules -->
  <testcase name="testHandleNotNewUserTargetRules" time="0.01" classname="frontend.handler.TestRegUserTargetReg"/>
  <testcase name="testNickAndPasswordAreNotNull" time="0.022" classname="frontend.handler.TestRegUserTargetRegPost"/>
  <testcase name="testRegNickAndPasswdAreNull" time="0.005" classname="frontend.handler.TestRegUserTargetRegPost"/>
  <testcase name="testRegNickAndPasswordAreNotNull" time="0.009" classname="frontend.handler.TestRegUserTargetRegPost"/>
  <testcase name="testRegNickAndPasswordAreNull" time="0.009" classname="frontend.handler.TestRegUserTargetRegPost"/>
  <testcase name="testStatusReadyTargetGame" time="0.011" classname="frontend.handler.TestRegUserTargetRegPost">
    <failure type="java.lang.AssertionError" message="expected [true] but found [false]">
      <![CDATA[java.lang.AssertionError: expected [true] but found [false]
	at frontend.handler.TestRegUserTargetRegPost.testStatusReadyTargetGame(TestRegUserTargetRegPost.java:400)
... Removed 38 stack frames]]>
    </failure>
  </testcase> <!-- testStatusReadyTargetGame -->
  <testcase name="testStatusReadyTargetLogout" time="0.006" classname="frontend.handler.TestRegUserTargetRegPost"/>
  <testcase name="testStatusReadyTargetMainPage" time="0.006" classname="frontend.handler.TestRegUserTargetRegPost"/>
  <testcase name="testStatusReadyTargetProfile" time="0.006" classname="frontend.handler.TestRegUserTargetRegPost"/>
  <testcase name="testStatusReadyTargetReg" time="0.003" classname="frontend.handler.TestRegUserTargetRegPost"/>
  <testcase name="testTargetWait" time="0.03" classname="frontend.handler.TestRegUserTargetRegPost"/>
  <testcase name="testTargetWaitAndPostStatusZero" time="0.004" classname="frontend.handler.TestRegUserTargetRegPost"/>
  <testcase name="testHandleNotNewUserTargetRules" time="0.01" classname="frontend.handler.TestRegUserTargetRules"/>
  <testcase name="test" time="0.0" classname="frontend.handler.TestWebSocketImpl"/>
  <testcase name="testOnWebSocketText" time="0.003" classname="frontend.handler.TestWebSocketImpl"/>
  <testcase name="testOnWebSocketTextAddNewWebSocket" time="0.004" classname="frontend.handler.TestWebSocketImpl"/>
  <testcase name="testOnWebSocketTextCoordinatesAreIncorrect1" time="0.0" classname="frontend.handler.TestWebSocketImpl"/>
  <testcase name="testOnWebSocketTextCoordinatesAreIncorrect2" time="0.0" classname="frontend.handler.TestWebSocketImpl"/>
  <testcase name="testOnWebSocketTextCoordinatesAreIncorrect3" time="0.001" classname="frontend.handler.TestWebSocketImpl"/>
  <testcase name="testOnWebSocketTextCoordinatesAreIncorrect4" time="0.0" classname="frontend.handler.TestWebSocketImpl"/>
  <testcase name="testOnWebSocketTextCoordinatesAreIncorrectAndSessionIdIsNull" time="0.0" classname="frontend.handler.TestWebSocketImpl"/>
  <testcase name="testOnWebSocketTextCoordinatesAreIncorrectButServerTimeIsOk" time="0.0" classname="frontend.handler.TestWebSocketImpl"/>
  <testcase name="testOnWebSocketTextCoordinatesAreOk" time="0.004" classname="frontend.handler.TestWebSocketImpl"/>
  <testcase name="testOnWebSocketTextCoordinatesAreOkSessionIdIsNull" time="0.001" classname="frontend.handler.TestWebSocketImpl"/>
  <testcase name="testOnWebSocketTextThereAreNoConnection" time="0.0" classname="frontend.handler.TestWebSocketImpl"/>
  <testcase name="testUpdateUsersColor" time="0.003" classname="frontend.handler.TestWebSocketImpl"/>
  <testcase name="testWebSocketImpl" time="0.001" classname="frontend.handler.TestWebSocketImpl"/>
  <testcase name="testBfs" time="0.001" classname="utils.VFSTest"/>
  <testcase name="testGetAbsolutePath" time="0.001" classname="utils.VFSTest"/>
  <testcase name="testGetRelativePath" time="0.0" classname="utils.VFSTest"/>
  <testcase name="testIsExist" time="0.001" classname="utils.VFSTest"/>
  <testcase name="testIsFile" time="0.001" classname="utils.VFSTest"/>
  <testcase name="testReadFile" time="0.005" classname="utils.VFSTest"/>
  <testcase name="testWriteToEndOfFile" time="0.002" classname="utils.VFSTest"/>
  <testcase name="testWriteToFile" time="0.004" classname="utils.VFSTest"/>
  <testcase name="testCheckServerTime" time="0.0" classname="userDataImpl.TestUserDataImpl"/>
  <testcase name="testCreateGames" time="0.501" classname="userDataImpl.TestUserDataImpl"/>
  <testcase name="testPartyEndSecondIsNull" time="0.001" classname="userDataImpl.TestUserDataImpl"/>
  <testcase name="testPartyEndFirstIsNull" time="0.002" classname="userDataImpl.TestUserDataImpl"/>
  <testcase name="testGetSessionIdByUserId" time="0.0" classname="userDataImpl.TestUserDataImpl"/>
  <testcase name="testCheckUsers" time="0.002" classname="userDataImpl.TestUserDataImpl"/>
  <testcase name="testUpdateUserId" time="0.002" classname="userDataImpl.TestUserDataImpl"/>
  <testcase name="testKeepAliveWSIsNull" time="0.001" classname="userDataImpl.TestUserDataImpl"/>
  <testcase name="testPartyEnd" time="0.002" classname="userDataImpl.TestUserDataImpl"/>
  <testcase name="testPutSessionIdAndChatWS" time="0.007" classname="userDataImpl.TestUserDataImpl">
    <failure type="org.mockito.exceptions.verification.NeverWantedButInvoked" message="
userDataSet.visit();
Never wanted here:
-&amp;gt; at userDataImpl.TestUserDataImpl.testPutSessionIdAndChatWS(TestUserDataImpl.java:293)
But invoked here:
-&amp;gt; at frontend.UserDataImpl.putSessionIdAndChatWS(UserDataImpl.java:129)
">
      <![CDATA[org.mockito.exceptions.verification.NeverWantedButInvoked: 
userDataSet.visit();
Never wanted here:
-> at userDataImpl.TestUserDataImpl.testPutSessionIdAndChatWS(TestUserDataImpl.java:293)
But invoked here:
-> at frontend.UserDataImpl.putSessionIdAndChatWS(UserDataImpl.java:129)

	at userDataImpl.TestUserDataImpl.testPutSessionIdAndChatWS(TestUserDataImpl.java:293)
... Removed 34 stack frames]]>
    </failure>
  </testcase> <!-- testPutSessionIdAndChatWS -->
  <testcase name="testCheckUsersKeepAliveEqualsOne" time="0.001" classname="userDataImpl.TestUserDataImpl"/>
  <testcase name="test" time="0.0" classname="userDataImpl.TestUserDataImpl"/>
  <testcase name="testUpdateUserIdOldUserIsNull" time="0.001" classname="userDataImpl.TestUserDataImpl"/>
  <testcase name="testUpUpdateUserIdNewUserIsNull" time="0.0" classname="userDataImpl.TestUserDataImpl"/>
  <testcase name="testPartyEndAllIsNull" time="0.001" classname="userDataImpl.TestUserDataImpl"/>
  <testcase name="testCreateGamesNoUsersWantToPlay" time="0.502" classname="userDataImpl.TestUserDataImpl"/>
  <testcase name="testGetChatWSBySessionId" time="0.002" classname="userDataImpl.TestUserDataImpl"/>
  <testcase name="testGetWSBySessionId" time="0.001" classname="userDataImpl.TestUserDataImpl"/>
  <testcase name="testGetLogInUserBySessionId" time="0.001" classname="userDataImpl.TestUserDataImpl"/>
  <testcase name="test" time="0.004" classname="frontend.handler.TestRegUserTargetGame"/>
  <testcase name="testHandleNewUserTarget404" time="0.008" classname="frontend.handler.TestRegUserTarget404"/>
  <testcase name="testOnWebSocketTextThereAreNoConnect" time="0.0" classname="chat.TestNewWSImpl"/>
  <testcase name="test" time="0.0" classname="chat.TestNewWSImpl"/>
  <testcase name="testHandleNewUserTargetMainPage" time="0.002" classname="frontend.handler.TestNUTargetGame">
    <failure type="java.lang.NullPointerException">
      <![CDATA[java.lang.NullPointerException
	at frontend.FrontendImpl.getStatus(FrontendImpl.java:68)
	at frontend.FrontendImpl.handle(FrontendImpl.java:237)
	at frontend.handler.TestNUTargetGame.testHandleNewUserTargetMainPage(TestNUTargetGame.java:77)
... Removed 34 stack frames]]>
    </failure>
  </testcase> <!-- testHandleNewUserTargetMainPage -->
  <testcase name="testToStringTest" time="0.0" classname="gameClasses.SnapshotTest"/>
  <testcase name="testToString" time="0.0" classname="gameClasses.SnapshotTest"/>
  <testcase name="testFindUser" time="0.006" classname="dbService.TestTExecutor"/>
  <testcase name="testInstance" time="0.001" classname="gameClasses.StrokeTest"/>
  <testcase name="testGetAddress" time="0.0" classname="chat.TestGameChatImpl"/>
  <testcase name="testRun" time="0.501" classname="chat.TestGameChatImpl"/>
  <testcase name="testGetMessageSystem" time="0.0" classname="chat.TestGameChatImpl"/>
  <testcase name="testHandleNewUserTargetRules" time="0.003" classname="frontend.handler.TestNUTargetRules">
    <failure type="java.lang.NullPointerException">
      <![CDATA[java.lang.NullPointerException
	at frontend.FrontendImpl.getStatus(FrontendImpl.java:68)
	at frontend.FrontendImpl.handle(FrontendImpl.java:237)
	at frontend.handler.TestNUTargetRules.testHandleNewUserTargetRules(TestNUTargetRules.java:72)
... Removed 34 stack frames]]>
    </failure>
  </testcase> <!-- testHandleNewUserTargetRules -->
  <testcase name="testHandleNewUserTarget404" time="0.005" classname="frontend.handler.TestNUTarget404">
    <failure type="java.lang.AssertionError" message="expected object to not be null">
      <![CDATA[java.lang.AssertionError: expected object to not be null
	at frontend.handler.TestNUTarget404.testHandleNewUserTarget404(TestNUTarget404.java:83)
... Removed 37 stack frames]]>
    </failure>
  </testcase> <!-- testHandleNewUserTarget404 -->
  <testcase name="testCheckStroke" time="0.001" classname="gameMechanic.GameMechanicImplTest"/>
  <testcase name="testCheckStrokeLose" time="0.028" classname="gameMechanic.GameMechanicImplTest"/>
  <testcase name="testCreateGames" time="0.001" classname="gameMechanic.GameMechanicImplTest"/>
  <testcase name="testField" time="0.0" classname="gameClasses.FieldTest"/>
  <testcase name="testHandleNotNewUserTargetRules" time="0.003" classname="frontend.handler.TestRegUserTargetMainPage"/>
  <testcase name="testSaveAILog" time="0.002" classname="gameMechanic.GameSessionTest"/>
  <testcase name="testSaveLog" time="0.015" classname="gameMechanic.GameSessionTest"/>
  <testcase name="testRating" time="0.0" classname="resource.ResourceFactoryTest"/>
  <testcase name="testRunAfterCall" time="0.0" classname="utils.SysInfoTest"/>
  <testcase name="testGetStat" time="0.002" classname="utils.SysInfoTest"/>
</testsuite> <!-- Command line test -->
