<html>
<head>
<title>TestNG:  Command line test</title>
<link href="../testng.css" rel="stylesheet" type="text/css" />
<link href="../my-testng.css" rel="stylesheet" type="text/css" />

<style type="text/css">
.log { display: none;} 
.stack-trace { display: none;} 
</style>
<script type="text/javascript">
<!--
function flip(e) {
  current = e.style.display;
  if (current == 'block') {
    e.style.display = 'none';
    return 0;
  }
  else {
    e.style.display = 'block';
    return 1;
  }
}

function toggleBox(szDivId, elem, msg1, msg2)
{
  var res = -1;  if (document.getElementById) {
    res = flip(document.getElementById(szDivId));
  }
  else if (document.all) {
    // this is the way old msie versions work
    res = flip(document.all[szDivId]);
  }
  if(elem) {
    if(res == 0) elem.innerHTML = msg1; else elem.innerHTML = msg2;
  }

}

function toggleAllBoxes() {
  if (document.getElementsByTagName) {
    d = document.getElementsByTagName('div');
    for (i = 0; i < d.length; i++) {
      if (d[i].className == 'log') {
        flip(d[i]);
      }
    }
  }
}

// -->
</script>

</head>
<body>
<h2 align='center'>Command line test</h2><table border='1' align="center">
<tr>
<td>Tests passed/Failed/Skipped:</td><td>97/7/0</td>
</tr><tr>
<td>Started on:</td><td>Wed Apr 09 23:26:55 GMT+03:00 2014</td>
</tr>
<tr><td>Total time:</td><td>5 seconds (5288 ms)</td>
</tr><tr>
<td>Included groups:</td><td></td>
</tr><tr>
<td>Excluded groups:</td><td></td>
</tr>
</table><p/>
<small><i>(Hover the method name to see the test class name)</i></small><p/>
<table width='100%' border='1' class='invocation-failed'>
<tr><td colspan='4' align='center'><b>FAILED CONFIGURATIONS</b></td></tr>
<tr><td><b>Test method</b></td>
<td width="30%"><b>Exception</b></td>
<td width="10%"><b>Time (seconds)</b></td>
<td><b>Instance</b></td>
</tr>
<tr>
<td title='frontend.handler.TestNUTargetRules.tearDownHandleNewUserTargetRules()'><b>tearDownHandleNewUserTargetRules</b><br>Test class: frontend.handler.TestNUTargetRules</td>
<td><div><pre>java.lang.NullPointerException
	at frontend.handler.TestNUTargetRules.tearDownHandleNewUserTargetRules(TestNUTargetRules.java:87)
... Removed 36 stack frames</pre></div><a href='#' onClick='toggleBox("stack-trace148816519", this, "Click to show all stack frames", "Click to hide stack frames")'>Click to show all stack frames</a>
<div class='stack-trace' id='stack-trace148816519'><pre>java.lang.NullPointerException
	at frontend.handler.TestNUTargetRules.tearDownHandleNewUserTargetRules(TestNUTargetRules.java:87)
	at sun.reflect.NativeMethodAccessorImpl.invoke0(Native Method)
	at sun.reflect.NativeMethodAccessorImpl.invoke(NativeMethodAccessorImpl.java:57)
	at sun.reflect.DelegatingMethodAccessorImpl.invoke(DelegatingMethodAccessorImpl.java:43)
	at java.lang.reflect.Method.invoke(Method.java:601)
	at org.testng.internal.MethodInvocationHelper.invokeMethod(MethodInvocationHelper.java:84)
	at org.testng.internal.Invoker.invokeConfigurationMethod(Invoker.java:564)
	at org.testng.internal.Invoker.invokeConfigurations(Invoker.java:213)
	at org.testng.internal.Invoker.invokeMethod(Invoker.java:786)
	at org.testng.internal.Invoker.invokeTestMethod(Invoker.java:901)
	at org.testng.internal.Invoker.invokeTestMethods(Invoker.java:1231)
	at org.testng.internal.TestMethodWorker.invokeTestMethods(TestMethodWorker.java:127)
	at org.testng.internal.TestMethodWorker.run(TestMethodWorker.java:111)
	at org.testng.TestRunner.privateRun(TestRunner.java:767)
	at org.testng.TestRunner.run(TestRunner.java:617)
	at org.testng.SuiteRunner.runTest(SuiteRunner.java:334)
	at org.testng.SuiteRunner.runSequentially(SuiteRunner.java:329)
	at org.testng.SuiteRunner.privateRun(SuiteRunner.java:291)
	at org.testng.SuiteRunner.run(SuiteRunner.java:240)
	at org.testng.SuiteRunnerWorker.runSuite(SuiteRunnerWorker.java:52)
	at org.testng.SuiteRunnerWorker.run(SuiteRunnerWorker.java:86)
	at org.testng.TestNG.runSuitesSequentially(TestNG.java:1224)
	at org.testng.TestNG.runSuitesLocally(TestNG.java:1149)
	at org.testng.TestNG.run(TestNG.java:1057)
	at org.apache.maven.surefire.testng.TestNGExecutor.run(TestNGExecutor.java:77)
	at org.apache.maven.surefire.testng.TestNGDirectoryTestSuite.executeMulti(TestNGDirectoryTestSuite.java:159)
	at org.apache.maven.surefire.testng.TestNGDirectoryTestSuite.execute(TestNGDirectoryTestSuite.java:99)
	at org.apache.maven.surefire.testng.TestNGProvider.invoke(TestNGProvider.java:106)
	at sun.reflect.NativeMethodAccessorImpl.invoke0(Native Method)
	at sun.reflect.NativeMethodAccessorImpl.invoke(NativeMethodAccessorImpl.java:57)
	at sun.reflect.DelegatingMethodAccessorImpl.invoke(DelegatingMethodAccessorImpl.java:43)
	at java.lang.reflect.Method.invoke(Method.java:601)
	at org.apache.maven.surefire.util.ReflectionUtils.invokeMethodWithArray(ReflectionUtils.java:189)
	at org.apache.maven.surefire.booter.ProviderFactory$ProviderProxy.invoke(ProviderFactory.java:165)
	at org.apache.maven.surefire.booter.ProviderFactory.invokeProvider(ProviderFactory.java:85)
	at org.apache.maven.surefire.booter.ForkedBooter.runSuitesInProcess(ForkedBooter.java:115)
	at org.apache.maven.surefire.booter.ForkedBooter.main(ForkedBooter.java:75)
</pre></div></td>
<td>0</td>
<td>frontend.handler.TestNUTargetRules@3541fcda</td></tr>
</table><p>
<table width='100%' border='1' class='invocation-failed'>
<tr><td colspan='4' align='center'><b>FAILED TESTS</b></td></tr>
<tr><td><b>Test method</b></td>
<td width="30%"><b>Exception</b></td>
<td width="10%"><b>Time (seconds)</b></td>
<td><b>Instance</b></td>
</tr>
<tr>
<td title='frontend.handler.TestNUTargetAdmin.testHandleNewUserTargeAdmin()'><b>testHandleNewUserTargeAdmin</b><br>Test class: frontend.handler.TestNUTargetAdmin</td>
<td><div><pre>java.lang.AssertionError: expected [true] but found [false]
	at frontend.handler.TestNUTargetAdmin.testHandleNewUserTargeAdmin(TestNUTargetAdmin.java:85)
... Removed 38 stack frames</pre></div><a href='#' onClick='toggleBox("stack-trace23451442", this, "Click to show all stack frames", "Click to hide stack frames")'>Click to show all stack frames</a>
<div class='stack-trace' id='stack-trace23451442'><pre>java.lang.AssertionError: expected [true] but found [false]
	at org.testng.Assert.fail(Assert.java:94)
	at org.testng.Assert.failNotEquals(Assert.java:494)
	at org.testng.Assert.assertTrue(Assert.java:42)
	at org.testng.Assert.assertTrue(Assert.java:52)
	at frontend.handler.TestNUTargetAdmin.testHandleNewUserTargeAdmin(TestNUTargetAdmin.java:85)
	at sun.reflect.NativeMethodAccessorImpl.invoke0(Native Method)
	at sun.reflect.NativeMethodAccessorImpl.invoke(NativeMethodAccessorImpl.java:57)
	at sun.reflect.DelegatingMethodAccessorImpl.invoke(DelegatingMethodAccessorImpl.java:43)
	at java.lang.reflect.Method.invoke(Method.java:601)
	at org.testng.internal.MethodInvocationHelper.invokeMethod(MethodInvocationHelper.java:84)
	at org.testng.internal.Invoker.invokeMethod(Invoker.java:714)
	at org.testng.internal.Invoker.invokeTestMethod(Invoker.java:901)
	at org.testng.internal.Invoker.invokeTestMethods(Invoker.java:1231)
	at org.testng.internal.TestMethodWorker.invokeTestMethods(TestMethodWorker.java:127)
	at org.testng.internal.TestMethodWorker.run(TestMethodWorker.java:111)
	at org.testng.TestRunner.privateRun(TestRunner.java:767)
	at org.testng.TestRunner.run(TestRunner.java:617)
	at org.testng.SuiteRunner.runTest(SuiteRunner.java:334)
	at org.testng.SuiteRunner.runSequentially(SuiteRunner.java:329)
	at org.testng.SuiteRunner.privateRun(SuiteRunner.java:291)
	at org.testng.SuiteRunner.run(SuiteRunner.java:240)
	at org.testng.SuiteRunnerWorker.runSuite(SuiteRunnerWorker.java:52)
	at org.testng.SuiteRunnerWorker.run(SuiteRunnerWorker.java:86)
	at org.testng.TestNG.runSuitesSequentially(TestNG.java:1224)
	at org.testng.TestNG.runSuitesLocally(TestNG.java:1149)
	at org.testng.TestNG.run(TestNG.java:1057)
	at org.apache.maven.surefire.testng.TestNGExecutor.run(TestNGExecutor.java:77)
	at org.apache.maven.surefire.testng.TestNGDirectoryTestSuite.executeMulti(TestNGDirectoryTestSuite.java:159)
	at org.apache.maven.surefire.testng.TestNGDirectoryTestSuite.execute(TestNGDirectoryTestSuite.java:99)
	at org.apache.maven.surefire.testng.TestNGProvider.invoke(TestNGProvider.java:106)
	at sun.reflect.NativeMethodAccessorImpl.invoke0(Native Method)
	at sun.reflect.NativeMethodAccessorImpl.invoke(NativeMethodAccessorImpl.java:57)
	at sun.reflect.DelegatingMethodAccessorImpl.invoke(DelegatingMethodAccessorImpl.java:43)
	at java.lang.reflect.Method.invoke(Method.java:601)
	at org.apache.maven.surefire.util.ReflectionUtils.invokeMethodWithArray(ReflectionUtils.java:189)
	at org.apache.maven.surefire.booter.ProviderFactory$ProviderProxy.invoke(ProviderFactory.java:165)
	at org.apache.maven.surefire.booter.ProviderFactory.invokeProvider(ProviderFactory.java:85)
	at org.apache.maven.surefire.booter.ForkedBooter.runSuitesInProcess(ForkedBooter.java:115)
	at org.apache.maven.surefire.booter.ForkedBooter.main(ForkedBooter.java:75)
</pre></div></td>
<td>0</td>
<td>frontend.handler.TestNUTargetAdmin@62d438fd</td></tr>
<tr>
<td title='frontend.handler.TestNUTarget404.testHandleNewUserTarget404()'><b>testHandleNewUserTarget404</b><br>Test class: frontend.handler.TestNUTarget404</td>
<td><div><pre>java.lang.AssertionError: expected object to not be null
	at frontend.handler.TestNUTarget404.testHandleNewUserTarget404(TestNUTarget404.java:83)
... Removed 37 stack frames</pre></div><a href='#' onClick='toggleBox("stack-trace1689937096", this, "Click to show all stack frames", "Click to hide stack frames")'>Click to show all stack frames</a>
<div class='stack-trace' id='stack-trace1689937096'><pre>java.lang.AssertionError: expected object to not be null
	at org.testng.Assert.fail(Assert.java:94)
	at org.testng.Assert.assertNotNull(Assert.java:404)
	at org.testng.Assert.assertNotNull(Assert.java:389)
	at frontend.handler.TestNUTarget404.testHandleNewUserTarget404(TestNUTarget404.java:83)
	at sun.reflect.NativeMethodAccessorImpl.invoke0(Native Method)
	at sun.reflect.NativeMethodAccessorImpl.invoke(NativeMethodAccessorImpl.java:57)
	at sun.reflect.DelegatingMethodAccessorImpl.invoke(DelegatingMethodAccessorImpl.java:43)
	at java.lang.reflect.Method.invoke(Method.java:601)
	at org.testng.internal.MethodInvocationHelper.invokeMethod(MethodInvocationHelper.java:84)
	at org.testng.internal.Invoker.invokeMethod(Invoker.java:714)
	at org.testng.internal.Invoker.invokeTestMethod(Invoker.java:901)
	at org.testng.internal.Invoker.invokeTestMethods(Invoker.java:1231)
	at org.testng.internal.TestMethodWorker.invokeTestMethods(TestMethodWorker.java:127)
	at org.testng.internal.TestMethodWorker.run(TestMethodWorker.java:111)
	at org.testng.TestRunner.privateRun(TestRunner.java:767)
	at org.testng.TestRunner.run(TestRunner.java:617)
	at org.testng.SuiteRunner.runTest(SuiteRunner.java:334)
	at org.testng.SuiteRunner.runSequentially(SuiteRunner.java:329)
	at org.testng.SuiteRunner.privateRun(SuiteRunner.java:291)
	at org.testng.SuiteRunner.run(SuiteRunner.java:240)
	at org.testng.SuiteRunnerWorker.runSuite(SuiteRunnerWorker.java:52)
	at org.testng.SuiteRunnerWorker.run(SuiteRunnerWorker.java:86)
	at org.testng.TestNG.runSuitesSequentially(TestNG.java:1224)
	at org.testng.TestNG.runSuitesLocally(TestNG.java:1149)
	at org.testng.TestNG.run(TestNG.java:1057)
	at org.apache.maven.surefire.testng.TestNGExecutor.run(TestNGExecutor.java:77)
	at org.apache.maven.surefire.testng.TestNGDirectoryTestSuite.executeMulti(TestNGDirectoryTestSuite.java:159)
	at org.apache.maven.surefire.testng.TestNGDirectoryTestSuite.execute(TestNGDirectoryTestSuite.java:99)
	at org.apache.maven.surefire.testng.TestNGProvider.invoke(TestNGProvider.java:106)
	at sun.reflect.NativeMethodAccessorImpl.invoke0(Native Method)
	at sun.reflect.NativeMethodAccessorImpl.invoke(NativeMethodAccessorImpl.java:57)
	at sun.reflect.DelegatingMethodAccessorImpl.invoke(DelegatingMethodAccessorImpl.java:43)
	at java.lang.reflect.Method.invoke(Method.java:601)
	at org.apache.maven.surefire.util.ReflectionUtils.invokeMethodWithArray(ReflectionUtils.java:189)
	at org.apache.maven.surefire.booter.ProviderFactory$ProviderProxy.invoke(ProviderFactory.java:165)
	at org.apache.maven.surefire.booter.ProviderFactory.invokeProvider(ProviderFactory.java:85)
	at org.apache.maven.surefire.booter.ForkedBooter.runSuitesInProcess(ForkedBooter.java:115)
	at org.apache.maven.surefire.booter.ForkedBooter.main(ForkedBooter.java:75)
</pre></div></td>
<td>0</td>
<td>frontend.handler.TestNUTarget404@59c0fef4</td></tr>
<tr>
<td title='frontend.handler.TestNUTargetGame.testHandleNewUserTargetMainPage()'><b>testHandleNewUserTargetMainPage</b><br>Test class: frontend.handler.TestNUTargetGame</td>
<td><div><pre>java.lang.NullPointerException
	at frontend.FrontendImpl.getStatus(FrontendImpl.java:68)
	at frontend.FrontendImpl.handle(FrontendImpl.java:237)
	at frontend.handler.TestNUTargetGame.testHandleNewUserTargetMainPage(TestNUTargetGame.java:77)
... Removed 34 stack frames</pre></div><a href='#' onClick='toggleBox("stack-trace1559608338", this, "Click to show all stack frames", "Click to hide stack frames")'>Click to show all stack frames</a>
<div class='stack-trace' id='stack-trace1559608338'><pre>java.lang.NullPointerException
	at frontend.FrontendImpl.getStatus(FrontendImpl.java:68)
	at frontend.FrontendImpl.handle(FrontendImpl.java:237)
	at frontend.handler.TestNUTargetGame.testHandleNewUserTargetMainPage(TestNUTargetGame.java:77)
	at sun.reflect.NativeMethodAccessorImpl.invoke0(Native Method)
	at sun.reflect.NativeMethodAccessorImpl.invoke(NativeMethodAccessorImpl.java:57)
	at sun.reflect.DelegatingMethodAccessorImpl.invoke(DelegatingMethodAccessorImpl.java:43)
	at java.lang.reflect.Method.invoke(Method.java:601)
	at org.testng.internal.MethodInvocationHelper.invokeMethod(MethodInvocationHelper.java:84)
	at org.testng.internal.Invoker.invokeMethod(Invoker.java:714)
	at org.testng.internal.Invoker.invokeTestMethod(Invoker.java:901)
	at org.testng.internal.Invoker.invokeTestMethods(Invoker.java:1231)
	at org.testng.internal.TestMethodWorker.invokeTestMethods(TestMethodWorker.java:127)
	at org.testng.internal.TestMethodWorker.run(TestMethodWorker.java:111)
	at org.testng.TestRunner.privateRun(TestRunner.java:767)
	at org.testng.TestRunner.run(TestRunner.java:617)
	at org.testng.SuiteRunner.runTest(SuiteRunner.java:334)
	at org.testng.SuiteRunner.runSequentially(SuiteRunner.java:329)
	at org.testng.SuiteRunner.privateRun(SuiteRunner.java:291)
	at org.testng.SuiteRunner.run(SuiteRunner.java:240)
	at org.testng.SuiteRunnerWorker.runSuite(SuiteRunnerWorker.java:52)
	at org.testng.SuiteRunnerWorker.run(SuiteRunnerWorker.java:86)
	at org.testng.TestNG.runSuitesSequentially(TestNG.java:1224)
	at org.testng.TestNG.runSuitesLocally(TestNG.java:1149)
	at org.testng.TestNG.run(TestNG.java:1057)
	at org.apache.maven.surefire.testng.TestNGExecutor.run(TestNGExecutor.java:77)
	at org.apache.maven.surefire.testng.TestNGDirectoryTestSuite.executeMulti(TestNGDirectoryTestSuite.java:159)
	at org.apache.maven.surefire.testng.TestNGDirectoryTestSuite.execute(TestNGDirectoryTestSuite.java:99)
	at org.apache.maven.surefire.testng.TestNGProvider.invoke(TestNGProvider.java:106)
	at sun.reflect.NativeMethodAccessorImpl.invoke0(Native Method)
	at sun.reflect.NativeMethodAccessorImpl.invoke(NativeMethodAccessorImpl.java:57)
	at sun.reflect.DelegatingMethodAccessorImpl.invoke(DelegatingMethodAccessorImpl.java:43)
	at java.lang.reflect.Method.invoke(Method.java:601)
	at org.apache.maven.surefire.util.ReflectionUtils.invokeMethodWithArray(ReflectionUtils.java:189)
	at org.apache.maven.surefire.booter.ProviderFactory$ProviderProxy.invoke(ProviderFactory.java:165)
	at org.apache.maven.surefire.booter.ProviderFactory.invokeProvider(ProviderFactory.java:85)
	at org.apache.maven.surefire.booter.ForkedBooter.runSuitesInProcess(ForkedBooter.java:115)
	at org.apache.maven.surefire.booter.ForkedBooter.main(ForkedBooter.java:75)
</pre></div></td>
<td>0</td>
<td>frontend.handler.TestNUTargetGame@da27335</td></tr>
<tr>
<td title='frontend.handler.TestRegUserTargetAdmin.testHandleNewUserTargetRules()'><b>testHandleNewUserTargetRules</b><br>Test class: frontend.handler.TestRegUserTargetAdmin</td>
<td><div><pre>java.lang.AssertionError: expected [true] but found [false]
	at frontend.handler.TestRegUserTargetAdmin.testHandleNewUserTargetRules(TestRegUserTargetAdmin.java:84)
... Removed 38 stack frames</pre></div><a href='#' onClick='toggleBox("stack-trace1327926719", this, "Click to show all stack frames", "Click to hide stack frames")'>Click to show all stack frames</a>
<div class='stack-trace' id='stack-trace1327926719'><pre>java.lang.AssertionError: expected [true] but found [false]
	at org.testng.Assert.fail(Assert.java:94)
	at org.testng.Assert.failNotEquals(Assert.java:494)
	at org.testng.Assert.assertTrue(Assert.java:42)
	at org.testng.Assert.assertTrue(Assert.java:52)
	at frontend.handler.TestRegUserTargetAdmin.testHandleNewUserTargetRules(TestRegUserTargetAdmin.java:84)
	at sun.reflect.NativeMethodAccessorImpl.invoke0(Native Method)
	at sun.reflect.NativeMethodAccessorImpl.invoke(NativeMethodAccessorImpl.java:57)
	at sun.reflect.DelegatingMethodAccessorImpl.invoke(DelegatingMethodAccessorImpl.java:43)
	at java.lang.reflect.Method.invoke(Method.java:601)
	at org.testng.internal.MethodInvocationHelper.invokeMethod(MethodInvocationHelper.java:84)
	at org.testng.internal.Invoker.invokeMethod(Invoker.java:714)
	at org.testng.internal.Invoker.invokeTestMethod(Invoker.java:901)
	at org.testng.internal.Invoker.invokeTestMethods(Invoker.java:1231)
	at org.testng.internal.TestMethodWorker.invokeTestMethods(TestMethodWorker.java:127)
	at org.testng.internal.TestMethodWorker.run(TestMethodWorker.java:111)
	at org.testng.TestRunner.privateRun(TestRunner.java:767)
	at org.testng.TestRunner.run(TestRunner.java:617)
	at org.testng.SuiteRunner.runTest(SuiteRunner.java:334)
	at org.testng.SuiteRunner.runSequentially(SuiteRunner.java:329)
	at org.testng.SuiteRunner.privateRun(SuiteRunner.java:291)
	at org.testng.SuiteRunner.run(SuiteRunner.java:240)
	at org.testng.SuiteRunnerWorker.runSuite(SuiteRunnerWorker.java:52)
	at org.testng.SuiteRunnerWorker.run(SuiteRunnerWorker.java:86)
	at org.testng.TestNG.runSuitesSequentially(TestNG.java:1224)
	at org.testng.TestNG.runSuitesLocally(TestNG.java:1149)
	at org.testng.TestNG.run(TestNG.java:1057)
	at org.apache.maven.surefire.testng.TestNGExecutor.run(TestNGExecutor.java:77)
	at org.apache.maven.surefire.testng.TestNGDirectoryTestSuite.executeMulti(TestNGDirectoryTestSuite.java:159)
	at org.apache.maven.surefire.testng.TestNGDirectoryTestSuite.execute(TestNGDirectoryTestSuite.java:99)
	at org.apache.maven.surefire.testng.TestNGProvider.invoke(TestNGProvider.java:106)
	at sun.reflect.NativeMethodAccessorImpl.invoke0(Native Method)
	at sun.reflect.NativeMethodAccessorImpl.invoke(NativeMethodAccessorImpl.java:57)
	at sun.reflect.DelegatingMethodAccessorImpl.invoke(DelegatingMethodAccessorImpl.java:43)
	at java.lang.reflect.Method.invoke(Method.java:601)
	at org.apache.maven.surefire.util.ReflectionUtils.invokeMethodWithArray(ReflectionUtils.java:189)
	at org.apache.maven.surefire.booter.ProviderFactory$ProviderProxy.invoke(ProviderFactory.java:165)
	at org.apache.maven.surefire.booter.ProviderFactory.invokeProvider(ProviderFactory.java:85)
	at org.apache.maven.surefire.booter.ForkedBooter.runSuitesInProcess(ForkedBooter.java:115)
	at org.apache.maven.surefire.booter.ForkedBooter.main(ForkedBooter.java:75)
</pre></div></td>
<td>0</td>
<td>frontend.handler.TestRegUserTargetAdmin@42d0850</td></tr>
<tr>
<td title='frontend.handler.TestNUTargetRules.testHandleNewUserTargetRules()'><b>testHandleNewUserTargetRules</b><br>Test class: frontend.handler.TestNUTargetRules</td>
<td><div><pre>java.lang.NullPointerException
	at frontend.FrontendImpl.getStatus(FrontendImpl.java:68)
	at frontend.FrontendImpl.handle(FrontendImpl.java:237)
	at frontend.handler.TestNUTargetRules.testHandleNewUserTargetRules(TestNUTargetRules.java:72)
... Removed 34 stack frames</pre></div><a href='#' onClick='toggleBox("stack-trace110144372", this, "Click to show all stack frames", "Click to hide stack frames")'>Click to show all stack frames</a>
<div class='stack-trace' id='stack-trace110144372'><pre>java.lang.NullPointerException
	at frontend.FrontendImpl.getStatus(FrontendImpl.java:68)
	at frontend.FrontendImpl.handle(FrontendImpl.java:237)
	at frontend.handler.TestNUTargetRules.testHandleNewUserTargetRules(TestNUTargetRules.java:72)
	at sun.reflect.NativeMethodAccessorImpl.invoke0(Native Method)
	at sun.reflect.NativeMethodAccessorImpl.invoke(NativeMethodAccessorImpl.java:57)
	at sun.reflect.DelegatingMethodAccessorImpl.invoke(DelegatingMethodAccessorImpl.java:43)
	at java.lang.reflect.Method.invoke(Method.java:601)
	at org.testng.internal.MethodInvocationHelper.invokeMethod(MethodInvocationHelper.java:84)
	at org.testng.internal.Invoker.invokeMethod(Invoker.java:714)
	at org.testng.internal.Invoker.invokeTestMethod(Invoker.java:901)
	at org.testng.internal.Invoker.invokeTestMethods(Invoker.java:1231)
	at org.testng.internal.TestMethodWorker.invokeTestMethods(TestMethodWorker.java:127)
	at org.testng.internal.TestMethodWorker.run(TestMethodWorker.java:111)
	at org.testng.TestRunner.privateRun(TestRunner.java:767)
	at org.testng.TestRunner.run(TestRunner.java:617)
	at org.testng.SuiteRunner.runTest(SuiteRunner.java:334)
	at org.testng.SuiteRunner.runSequentially(SuiteRunner.java:329)
	at org.testng.SuiteRunner.privateRun(SuiteRunner.java:291)
	at org.testng.SuiteRunner.run(SuiteRunner.java:240)
	at org.testng.SuiteRunnerWorker.runSuite(SuiteRunnerWorker.java:52)
	at org.testng.SuiteRunnerWorker.run(SuiteRunnerWorker.java:86)
	at org.testng.TestNG.runSuitesSequentially(TestNG.java:1224)
	at org.testng.TestNG.runSuitesLocally(TestNG.java:1149)
	at org.testng.TestNG.run(TestNG.java:1057)
	at org.apache.maven.surefire.testng.TestNGExecutor.run(TestNGExecutor.java:77)
	at org.apache.maven.surefire.testng.TestNGDirectoryTestSuite.executeMulti(TestNGDirectoryTestSuite.java:159)
	at org.apache.maven.surefire.testng.TestNGDirectoryTestSuite.execute(TestNGDirectoryTestSuite.java:99)
	at org.apache.maven.surefire.testng.TestNGProvider.invoke(TestNGProvider.java:106)
	at sun.reflect.NativeMethodAccessorImpl.invoke0(Native Method)
	at sun.reflect.NativeMethodAccessorImpl.invoke(NativeMethodAccessorImpl.java:57)
	at sun.reflect.DelegatingMethodAccessorImpl.invoke(DelegatingMethodAccessorImpl.java:43)
	at java.lang.reflect.Method.invoke(Method.java:601)
	at org.apache.maven.surefire.util.ReflectionUtils.invokeMethodWithArray(ReflectionUtils.java:189)
	at org.apache.maven.surefire.booter.ProviderFactory$ProviderProxy.invoke(ProviderFactory.java:165)
	at org.apache.maven.surefire.booter.ProviderFactory.invokeProvider(ProviderFactory.java:85)
	at org.apache.maven.surefire.booter.ForkedBooter.runSuitesInProcess(ForkedBooter.java:115)
	at org.apache.maven.surefire.booter.ForkedBooter.main(ForkedBooter.java:75)
</pre></div></td>
<td>0</td>
<td>frontend.handler.TestNUTargetRules@3541fcda</td></tr>
<tr>
<td title='userDataImpl.TestUserDataImpl.testPutSessionIdAndChatWS()'><b>testPutSessionIdAndChatWS</b><br>Test class: userDataImpl.TestUserDataImpl</td>
<td><div><pre>org.mockito.exceptions.verification.NeverWantedButInvoked: 
userDataSet.visit();
Never wanted here:
-&gt; at userDataImpl.TestUserDataImpl.testPutSessionIdAndChatWS(TestUserDataImpl.java:293)
But invoked here:
-&gt; at frontend.UserDataImpl.putSessionIdAndChatWS(UserDataImpl.java:129)

	at userDataImpl.TestUserDataImpl.testPutSessionIdAndChatWS(TestUserDataImpl.java:293)
... Removed 34 stack frames</pre></div><a href='#' onClick='toggleBox("stack-trace1251440540", this, "Click to show all stack frames", "Click to hide stack frames")'>Click to show all stack frames</a>
<div class='stack-trace' id='stack-trace1251440540'><pre>org.mockito.exceptions.verification.NeverWantedButInvoked: 
userDataSet.visit();
Never wanted here:
-&gt; at userDataImpl.TestUserDataImpl.testPutSessionIdAndChatWS(TestUserDataImpl.java:293)
But invoked here:
-&gt; at frontend.UserDataImpl.putSessionIdAndChatWS(UserDataImpl.java:129)

	at userDataImpl.TestUserDataImpl.testPutSessionIdAndChatWS(TestUserDataImpl.java:293)
	at sun.reflect.NativeMethodAccessorImpl.invoke0(Native Method)
	at sun.reflect.NativeMethodAccessorImpl.invoke(NativeMethodAccessorImpl.java:57)
	at sun.reflect.DelegatingMethodAccessorImpl.invoke(DelegatingMethodAccessorImpl.java:43)
	at java.lang.reflect.Method.invoke(Method.java:601)
	at org.testng.internal.MethodInvocationHelper.invokeMethod(MethodInvocationHelper.java:84)
	at org.testng.internal.Invoker.invokeMethod(Invoker.java:714)
	at org.testng.internal.Invoker.invokeTestMethod(Invoker.java:901)
	at org.testng.internal.Invoker.invokeTestMethods(Invoker.java:1231)
	at org.testng.internal.TestMethodWorker.invokeTestMethods(TestMethodWorker.java:127)
	at org.testng.internal.TestMethodWorker.run(TestMethodWorker.java:111)
	at org.testng.TestRunner.privateRun(TestRunner.java:767)
	at org.testng.TestRunner.run(TestRunner.java:617)
	at org.testng.SuiteRunner.runTest(SuiteRunner.java:334)
	at org.testng.SuiteRunner.runSequentially(SuiteRunner.java:329)
	at org.testng.SuiteRunner.privateRun(SuiteRunner.java:291)
	at org.testng.SuiteRunner.run(SuiteRunner.java:240)
	at org.testng.SuiteRunnerWorker.runSuite(SuiteRunnerWorker.java:52)
	at org.testng.SuiteRunnerWorker.run(SuiteRunnerWorker.java:86)
	at org.testng.TestNG.runSuitesSequentially(TestNG.java:1224)
	at org.testng.TestNG.runSuitesLocally(TestNG.java:1149)
	at org.testng.TestNG.run(TestNG.java:1057)
	at org.apache.maven.surefire.testng.TestNGExecutor.run(TestNGExecutor.java:77)
	at org.apache.maven.surefire.testng.TestNGDirectoryTestSuite.executeMulti(TestNGDirectoryTestSuite.java:159)
	at org.apache.maven.surefire.testng.TestNGDirectoryTestSuite.execute(TestNGDirectoryTestSuite.java:99)
	at org.apache.maven.surefire.testng.TestNGProvider.invoke(TestNGProvider.java:106)
	at sun.reflect.NativeMethodAccessorImpl.invoke0(Native Method)
	at sun.reflect.NativeMethodAccessorImpl.invoke(NativeMethodAccessorImpl.java:57)
	at sun.reflect.DelegatingMethodAccessorImpl.invoke(DelegatingMethodAccessorImpl.java:43)
	at java.lang.reflect.Method.invoke(Method.java:601)
	at org.apache.maven.surefire.util.ReflectionUtils.invokeMethodWithArray(ReflectionUtils.java:189)
	at org.apache.maven.surefire.booter.ProviderFactory$ProviderProxy.invoke(ProviderFactory.java:165)
	at org.apache.maven.surefire.booter.ProviderFactory.invokeProvider(ProviderFactory.java:85)
	at org.apache.maven.surefire.booter.ForkedBooter.runSuitesInProcess(ForkedBooter.java:115)
	at org.apache.maven.surefire.booter.ForkedBooter.main(ForkedBooter.java:75)
</pre></div></td>
<td>0</td>
<td>userDataImpl.TestUserDataImpl@3f75c03e</td></tr>
<tr>
<td title='frontend.handler.TestRegUserTargetRegPost.testStatusReadyTargetGame()'><b>testStatusReadyTargetGame</b><br>Test class: frontend.handler.TestRegUserTargetRegPost</td>
<td><div><pre>java.lang.AssertionError: expected [true] but found [false]
	at frontend.handler.TestRegUserTargetRegPost.testStatusReadyTargetGame(TestRegUserTargetRegPost.java:400)
... Removed 38 stack frames</pre></div><a href='#' onClick='toggleBox("stack-trace692221811", this, "Click to show all stack frames", "Click to hide stack frames")'>Click to show all stack frames</a>
<div class='stack-trace' id='stack-trace692221811'><pre>java.lang.AssertionError: expected [true] but found [false]
	at org.testng.Assert.fail(Assert.java:94)
	at org.testng.Assert.failNotEquals(Assert.java:494)
	at org.testng.Assert.assertTrue(Assert.java:42)
	at org.testng.Assert.assertTrue(Assert.java:52)
	at frontend.handler.TestRegUserTargetRegPost.testStatusReadyTargetGame(TestRegUserTargetRegPost.java:400)
	at sun.reflect.NativeMethodAccessorImpl.invoke0(Native Method)
	at sun.reflect.NativeMethodAccessorImpl.invoke(NativeMethodAccessorImpl.java:57)
	at sun.reflect.DelegatingMethodAccessorImpl.invoke(DelegatingMethodAccessorImpl.java:43)
	at java.lang.reflect.Method.invoke(Method.java:601)
	at org.testng.internal.MethodInvocationHelper.invokeMethod(MethodInvocationHelper.java:84)
	at org.testng.internal.Invoker.invokeMethod(Invoker.java:714)
	at org.testng.internal.Invoker.invokeTestMethod(Invoker.java:901)
	at org.testng.internal.Invoker.invokeTestMethods(Invoker.java:1231)
	at org.testng.internal.TestMethodWorker.invokeTestMethods(TestMethodWorker.java:127)
	at org.testng.internal.TestMethodWorker.run(TestMethodWorker.java:111)
	at org.testng.TestRunner.privateRun(TestRunner.java:767)
	at org.testng.TestRunner.run(TestRunner.java:617)
	at org.testng.SuiteRunner.runTest(SuiteRunner.java:334)
	at org.testng.SuiteRunner.runSequentially(SuiteRunner.java:329)
	at org.testng.SuiteRunner.privateRun(SuiteRunner.java:291)
	at org.testng.SuiteRunner.run(SuiteRunner.java:240)
	at org.testng.SuiteRunnerWorker.runSuite(SuiteRunnerWorker.java:52)
	at org.testng.SuiteRunnerWorker.run(SuiteRunnerWorker.java:86)
	at org.testng.TestNG.runSuitesSequentially(TestNG.java:1224)
	at org.testng.TestNG.runSuitesLocally(TestNG.java:1149)
	at org.testng.TestNG.run(TestNG.java:1057)
	at org.apache.maven.surefire.testng.TestNGExecutor.run(TestNGExecutor.java:77)
	at org.apache.maven.surefire.testng.TestNGDirectoryTestSuite.executeMulti(TestNGDirectoryTestSuite.java:159)
	at org.apache.maven.surefire.testng.TestNGDirectoryTestSuite.execute(TestNGDirectoryTestSuite.java:99)
	at org.apache.maven.surefire.testng.TestNGProvider.invoke(TestNGProvider.java:106)
	at sun.reflect.NativeMethodAccessorImpl.invoke0(Native Method)
	at sun.reflect.NativeMethodAccessorImpl.invoke(NativeMethodAccessorImpl.java:57)
	at sun.reflect.DelegatingMethodAccessorImpl.invoke(DelegatingMethodAccessorImpl.java:43)
	at java.lang.reflect.Method.invoke(Method.java:601)
	at org.apache.maven.surefire.util.ReflectionUtils.invokeMethodWithArray(ReflectionUtils.java:189)
	at org.apache.maven.surefire.booter.ProviderFactory$ProviderProxy.invoke(ProviderFactory.java:165)
	at org.apache.maven.surefire.booter.ProviderFactory.invokeProvider(ProviderFactory.java:85)
	at org.apache.maven.surefire.booter.ForkedBooter.runSuitesInProcess(ForkedBooter.java:115)
	at org.apache.maven.surefire.booter.ForkedBooter.main(ForkedBooter.java:75)
</pre></div></td>
<td>0</td>
<td>frontend.handler.TestRegUserTargetRegPost@15b39190</td></tr>
</table><p>
<table width='100%' border='1' class='invocation-passed'>
<tr><td colspan='4' align='center'><b>PASSED TESTS</b></td></tr>
<tr><td><b>Test method</b></td>
<td width="30%"><b>Exception</b></td>
<td width="10%"><b>Time (seconds)</b></td>
<td><b>Instance</b></td>
</tr>
<tr>
<td title='frontend.handler.TestWebSocketImpl.test()'><b>test</b><br>Test class: frontend.handler.TestWebSocketImpl</td>
<td></td>
<td>0</td>
<td>frontend.handler.TestWebSocketImpl@173ceeb6</td></tr>
<tr>
<td title='userDataImpl.TestUserDataImpl.test()'><b>test</b><br>Test class: userDataImpl.TestUserDataImpl</td>
<td></td>
<td>0</td>
<td>userDataImpl.TestUserDataImpl@3f75c03e</td></tr>
<tr>
<td title='frontend.handler.TestRegUserTargetGame.test()'><b>test</b><br>Test class: frontend.handler.TestRegUserTargetGame</td>
<td></td>
<td>0</td>
<td>frontend.handler.TestRegUserTargetGame@2439a391</td></tr>
<tr>
<td title='chat.TestNewWSImpl.test()'><b>test</b><br>Test class: chat.TestNewWSImpl</td>
<td></td>
<td>0</td>
<td>chat.TestNewWSImpl@26767bef</td></tr>
<tr>
<td title='dbService.TestDBServiceImpl.testAddExistsUDS()'><b>testAddExistsUDS</b><br>Test class: dbService.TestDBServiceImpl</td>
<td></td>
<td>0</td>
<td>dbService.TestDBServiceImpl@1ba5cfae</td></tr>
<tr>
<td title='chat.TestChatWSIpml.testAddMessageToChat()'><b>testAddMessageToChat</b><br>Test class: chat.TestChatWSIpml</td>
<td></td>
<td>0</td>
<td>chat.TestChatWSIpml@40199011</td></tr>
<tr>
<td title='dbService.TestDBServiceImpl.testAddUDS()'><b>testAddUDS</b><br>Test class: dbService.TestDBServiceImpl</td>
<td></td>
<td>0</td>
<td>dbService.TestDBServiceImpl@1ba5cfae</td></tr>
<tr>
<td title='utils.VFSTest.testBfs()'><b>testBfs</b><br>Test class: utils.VFSTest</td>
<td></td>
<td>0</td>
<td>utils.VFSTest@5ae99cbb</td></tr>
<tr>
<td title='userDataImpl.TestUserDataImpl.testCheckServerTime()'><b>testCheckServerTime</b><br>Test class: userDataImpl.TestUserDataImpl</td>
<td></td>
<td>0</td>
<td>userDataImpl.TestUserDataImpl@3f75c03e</td></tr>
<tr>
<td title='gameMechanic.GameSessionTest.testCheckStroke()'><b>testCheckStroke</b><br>Test class: gameMechanic.GameSessionTest</td>
<td></td>
<td>0</td>
<td>gameMechanic.GameSessionTest@7ef73d69</td></tr>
<tr>
<td title='gameMechanic.GameMechanicImplTest.testCheckStroke()'><b>testCheckStroke</b><br>Test class: gameMechanic.GameMechanicImplTest</td>
<td></td>
<td>0</td>
<td>gameMechanic.GameMechanicImplTest@1c78014a</td></tr>
<tr>
<td title='gameMechanic.GameMechanicImplTest.testCheckStrokeLose()'><b>testCheckStrokeLose</b><br>Test class: gameMechanic.GameMechanicImplTest</td>
<td></td>
<td>0</td>
<td>gameMechanic.GameMechanicImplTest@1c78014a</td></tr>
<tr>
<td title='userDataImpl.TestUserDataImpl.testCheckUsers()'><b>testCheckUsers</b><br>Test class: userDataImpl.TestUserDataImpl</td>
<td></td>
<td>0</td>
<td>userDataImpl.TestUserDataImpl@3f75c03e</td></tr>
<tr>
<td title='userDataImpl.TestUserDataImpl.testCheckUsersKeepAliveEqualsOne()'><b>testCheckUsersKeepAliveEqualsOne</b><br>Test class: userDataImpl.TestUserDataImpl</td>
<td></td>
<td>0</td>
<td>userDataImpl.TestUserDataImpl@3f75c03e</td></tr>
<tr>
<td title='chat.TestChatWSIpml.testConstructor()'><b>testConstructor</b><br>Test class: chat.TestChatWSIpml</td>
<td></td>
<td>0</td>
<td>chat.TestChatWSIpml@40199011</td></tr>
<tr>
<td title='userDataImpl.TestUserDataImpl.testCreateGames()'><b>testCreateGames</b><br>Test class: userDataImpl.TestUserDataImpl</td>
<td><div><pre>org.testng.internal.thread.ThreadTimeoutException: Method org.testng.internal.TestNGMethod.testCreateGames() didn&apos;t finish within the time-out 500
	at base.MessageSystem$$EnhancerByMockitoWithCGLIB$$4e4aaa08.execForAbonent(&lt;generated&gt;)
	at frontend.UserDataImpl.run(UserDataImpl.java:263)
	at userDataImpl.TestUserDataImpl.testCreateGames(TestUserDataImpl.java:200)
	at java.util.concurrent.Executors$RunnableAdapter.call(Executors.java:471)
	at java.util.concurrent.FutureTask$Sync.innerRun(FutureTask.java:334)
	at java.util.concurrent.FutureTask.run(FutureTask.java:166)
	at java.util.concurrent.ThreadPoolExecutor.runWorker(ThreadPoolExecutor.java:1145)
	at java.util.concurrent.ThreadPoolExecutor$Worker.run(ThreadPoolExecutor.java:615)
	at java.lang.Thread.run(Thread.java:722)
... Removed 7 stack frames</pre></div><a href='#' onClick='toggleBox("stack-trace254775135", this, "Click to show all stack frames", "Click to hide stack frames")'>Click to show all stack frames</a>
<div class='stack-trace' id='stack-trace254775135'><pre>org.testng.internal.thread.ThreadTimeoutException: Method org.testng.internal.TestNGMethod.testCreateGames() didn&apos;t finish within the time-out 500
	at base.MessageSystem$$EnhancerByMockitoWithCGLIB$$4e4aaa08.execForAbonent(&lt;generated&gt;)
	at frontend.UserDataImpl.run(UserDataImpl.java:263)
	at userDataImpl.TestUserDataImpl.testCreateGames(TestUserDataImpl.java:200)
	at sun.reflect.NativeMethodAccessorImpl.invoke0(Native Method)
	at sun.reflect.NativeMethodAccessorImpl.invoke(NativeMethodAccessorImpl.java:57)
	at sun.reflect.DelegatingMethodAccessorImpl.invoke(DelegatingMethodAccessorImpl.java:43)
	at java.lang.reflect.Method.invoke(Method.java:601)
	at org.testng.internal.MethodInvocationHelper.invokeMethod(MethodInvocationHelper.java:84)
	at org.testng.internal.InvokeMethodRunnable.runOne(InvokeMethodRunnable.java:46)
	at org.testng.internal.InvokeMethodRunnable.run(InvokeMethodRunnable.java:37)
	at java.util.concurrent.Executors$RunnableAdapter.call(Executors.java:471)
	at java.util.concurrent.FutureTask$Sync.innerRun(FutureTask.java:334)
	at java.util.concurrent.FutureTask.run(FutureTask.java:166)
	at java.util.concurrent.ThreadPoolExecutor.runWorker(ThreadPoolExecutor.java:1145)
	at java.util.concurrent.ThreadPoolExecutor$Worker.run(ThreadPoolExecutor.java:615)
	at java.lang.Thread.run(Thread.java:722)
</pre></div></td>
<td>0</td>
<td>userDataImpl.TestUserDataImpl@3f75c03e</td></tr>
<tr>
<td title='gameMechanic.GameMechanicImplTest.testCreateGames()'><b>testCreateGames</b><br>Test class: gameMechanic.GameMechanicImplTest</td>
<td></td>
<td>0</td>
<td>gameMechanic.GameMechanicImplTest@1c78014a</td></tr>
<tr>
<td title='userDataImpl.TestUserDataImpl.testCreateGamesNoUsersWantToPlay()'><b>testCreateGamesNoUsersWantToPlay</b><br>Test class: userDataImpl.TestUserDataImpl</td>
<td><div><pre>org.testng.internal.thread.ThreadTimeoutException: Method org.testng.internal.TestNGMethod.testCreateGamesNoUsersWantToPlay() didn&apos;t finish within the time-out 500
	at java.lang.Object.getClass(Native Method)
	at org.mockito.internal.creation.cglib.CGLIBHacker.setMockitoNamingPolicy(CGLIBHacker.java:20)
	at org.mockito.internal.creation.MethodInterceptorFilter.intercept(MethodInterceptorFilter.java:41)
	at base.MessageSystem$$EnhancerByMockitoWithCGLIB$$4e4aaa08.execForAbonent(&lt;generated&gt;)
	at frontend.UserDataImpl.run(UserDataImpl.java:263)
	at userDataImpl.TestUserDataImpl.testCreateGamesNoUsersWantToPlay(TestUserDataImpl.java:175)
	at java.util.concurrent.Executors$RunnableAdapter.call(Executors.java:471)
	at java.util.concurrent.FutureTask$Sync.innerRun(FutureTask.java:334)
	at java.util.concurrent.FutureTask.run(FutureTask.java:166)
	at java.util.concurrent.ThreadPoolExecutor.runWorker(ThreadPoolExecutor.java:1145)
	at java.util.concurrent.ThreadPoolExecutor$Worker.run(ThreadPoolExecutor.java:615)
	at java.lang.Thread.run(Thread.java:722)
... Removed 8 stack frames</pre></div><a href='#' onClick='toggleBox("stack-trace54024417", this, "Click to show all stack frames", "Click to hide stack frames")'>Click to show all stack frames</a>
<div class='stack-trace' id='stack-trace54024417'><pre>org.testng.internal.thread.ThreadTimeoutException: Method org.testng.internal.TestNGMethod.testCreateGamesNoUsersWantToPlay() didn&apos;t finish within the time-out 500
	at java.lang.Object.getClass(Native Method)
	at org.mockito.internal.creation.cglib.CGLIBHacker.reflectOnCreateInfo(CGLIBHacker.java:37)
	at org.mockito.internal.creation.cglib.CGLIBHacker.setMockitoNamingPolicy(CGLIBHacker.java:20)
	at org.mockito.internal.creation.MethodInterceptorFilter.intercept(MethodInterceptorFilter.java:41)
	at base.MessageSystem$$EnhancerByMockitoWithCGLIB$$4e4aaa08.execForAbonent(&lt;generated&gt;)
	at frontend.UserDataImpl.run(UserDataImpl.java:263)
	at userDataImpl.TestUserDataImpl.testCreateGamesNoUsersWantToPlay(TestUserDataImpl.java:175)
	at sun.reflect.NativeMethodAccessorImpl.invoke0(Native Method)
	at sun.reflect.NativeMethodAccessorImpl.invoke(NativeMethodAccessorImpl.java:57)
	at sun.reflect.DelegatingMethodAccessorImpl.invoke(DelegatingMethodAccessorImpl.java:43)
	at java.lang.reflect.Method.invoke(Method.java:601)
	at org.testng.internal.MethodInvocationHelper.invokeMethod(MethodInvocationHelper.java:84)
	at org.testng.internal.InvokeMethodRunnable.runOne(InvokeMethodRunnable.java:46)
	at org.testng.internal.InvokeMethodRunnable.run(InvokeMethodRunnable.java:37)
	at java.util.concurrent.Executors$RunnableAdapter.call(Executors.java:471)
	at java.util.concurrent.FutureTask$Sync.innerRun(FutureTask.java:334)
	at java.util.concurrent.FutureTask.run(FutureTask.java:166)
	at java.util.concurrent.ThreadPoolExecutor.runWorker(ThreadPoolExecutor.java:1145)
	at java.util.concurrent.ThreadPoolExecutor$Worker.run(ThreadPoolExecutor.java:615)
	at java.lang.Thread.run(Thread.java:722)
</pre></div></td>
<td>0</td>
<td>userDataImpl.TestUserDataImpl@3f75c03e</td></tr>
<tr>
<td title='utils.ReflectionHelperTest.testCreateInstance()'><b>testCreateInstance</b><br>Test class: utils.ReflectionHelperTest</td>
<td></td>
<td>0</td>
<td>utils.ReflectionHelperTest@1f30e79e</td></tr>
<tr>
<td title='dbService.TestDBServiceImpl.testDeleteNoneExistsUDS()'><b>testDeleteNoneExistsUDS</b><br>Test class: dbService.TestDBServiceImpl</td>
<td></td>
<td>0</td>
<td>dbService.TestDBServiceImpl@1ba5cfae</td></tr>
<tr>
<td title='frontend.newOrLoginUser.MsgAddUserTest.testExec()'><b>testExec</b><br>Test class: frontend.newOrLoginUser.MsgAddUserTest</td>
<td><div><pre>org.testng.internal.thread.ThreadTimeoutException: Method org.testng.internal.TestNGMethod.testExec() didn&apos;t finish within the time-out 50
	at java.net.SocketInputStream.socketRead0(Native Method)
	at java.net.SocketInputStream.read(SocketInputStream.java:150)
	at java.net.SocketInputStream.read(SocketInputStream.java:121)
	at com.mysql.jdbc.util.ReadAheadInputStream.fill(ReadAheadInputStream.java:114)
	at com.mysql.jdbc.util.ReadAheadInputStream.readFromUnderlyingStreamIfNecessary(ReadAheadInputStream.java:161)
	at com.mysql.jdbc.util.ReadAheadInputStream.read(ReadAheadInputStream.java:189)
	at com.mysql.jdbc.MysqlIO.readFully(MysqlIO.java:3049)
	at com.mysql.jdbc.MysqlIO.reuseAndReadPacket(MysqlIO.java:3503)
	at com.mysql.jdbc.MysqlIO.reuseAndReadPacket(MysqlIO.java:3492)
	at com.mysql.jdbc.MysqlIO.checkErrorPacket(MysqlIO.java:4043)
	at com.mysql.jdbc.MysqlIO.sendCommand(MysqlIO.java:2503)
	at com.mysql.jdbc.MysqlIO.sqlQueryDirect(MysqlIO.java:2664)
	at com.mysql.jdbc.ConnectionImpl.execSQL(ConnectionImpl.java:2815)
	at com.mysql.jdbc.PreparedStatement.executeInternal(PreparedStatement.java:2155)
	at com.mysql.jdbc.PreparedStatement.executeUpdate(PreparedStatement.java:2458)
	at com.mysql.jdbc.PreparedStatement.executeUpdate(PreparedStatement.java:2375)
	at com.mysql.jdbc.PreparedStatement.executeUpdate(PreparedStatement.java:2359)
	at dbService.TExecutor.addUser(TExecutor.java:48)
	at dbService.DBServiceImpl.addUDS(DBServiceImpl.java:79)
	at frontend.newOrLoginUser.MsgAddUser.exec(MsgAddUser.java:23)
	at messageSystem.MsgToDBService.exec(MsgToDBService.java:17)
	at messageSystem.MessageSystemImpl.execForAbonent(MessageSystemImpl.java:41)
	at dbService.DBServiceImpl.run(DBServiceImpl.java:104)
	at frontend.newOrLoginUser.MsgAddUserTest.testExec(MsgAddUserTest.java:44)
	at java.util.concurrent.Executors$RunnableAdapter.call(Executors.java:471)
	at java.util.concurrent.FutureTask$Sync.innerRun(FutureTask.java:334)
	at java.util.concurrent.FutureTask.run(FutureTask.java:166)
	at java.util.concurrent.ThreadPoolExecutor.runWorker(ThreadPoolExecutor.java:1145)
	at java.util.concurrent.ThreadPoolExecutor$Worker.run(ThreadPoolExecutor.java:615)
	at java.lang.Thread.run(Thread.java:722)
... Removed 7 stack frames</pre></div><a href='#' onClick='toggleBox("stack-trace153419170", this, "Click to show all stack frames", "Click to hide stack frames")'>Click to show all stack frames</a>
<div class='stack-trace' id='stack-trace153419170'><pre>org.testng.internal.thread.ThreadTimeoutException: Method org.testng.internal.TestNGMethod.testExec() didn&apos;t finish within the time-out 50
	at java.net.SocketInputStream.socketRead0(Native Method)
	at java.net.SocketInputStream.read(SocketInputStream.java:150)
	at java.net.SocketInputStream.read(SocketInputStream.java:121)
	at com.mysql.jdbc.util.ReadAheadInputStream.fill(ReadAheadInputStream.java:114)
	at com.mysql.jdbc.util.ReadAheadInputStream.readFromUnderlyingStreamIfNecessary(ReadAheadInputStream.java:161)
	at com.mysql.jdbc.util.ReadAheadInputStream.read(ReadAheadInputStream.java:189)
	at com.mysql.jdbc.MysqlIO.readFully(MysqlIO.java:3049)
	at com.mysql.jdbc.MysqlIO.reuseAndReadPacket(MysqlIO.java:3503)
	at com.mysql.jdbc.MysqlIO.reuseAndReadPacket(MysqlIO.java:3492)
	at com.mysql.jdbc.MysqlIO.checkErrorPacket(MysqlIO.java:4043)
	at com.mysql.jdbc.MysqlIO.sendCommand(MysqlIO.java:2503)
	at com.mysql.jdbc.MysqlIO.sqlQueryDirect(MysqlIO.java:2664)
	at com.mysql.jdbc.ConnectionImpl.execSQL(ConnectionImpl.java:2815)
	at com.mysql.jdbc.PreparedStatement.executeInternal(PreparedStatement.java:2155)
	at com.mysql.jdbc.PreparedStatement.executeUpdate(PreparedStatement.java:2458)
	at com.mysql.jdbc.PreparedStatement.executeUpdate(PreparedStatement.java:2375)
	at com.mysql.jdbc.PreparedStatement.executeUpdate(PreparedStatement.java:2359)
	at dbService.TExecutor.addUser(TExecutor.java:48)
	at dbService.DBServiceImpl.addUDS(DBServiceImpl.java:79)
	at frontend.newOrLoginUser.MsgAddUser.exec(MsgAddUser.java:23)
	at messageSystem.MsgToDBService.exec(MsgToDBService.java:17)
	at messageSystem.MessageSystemImpl.execForAbonent(MessageSystemImpl.java:41)
	at dbService.DBServiceImpl.run(DBServiceImpl.java:104)
	at frontend.newOrLoginUser.MsgAddUserTest.testExec(MsgAddUserTest.java:44)
	at sun.reflect.NativeMethodAccessorImpl.invoke0(Native Method)
	at sun.reflect.NativeMethodAccessorImpl.invoke(NativeMethodAccessorImpl.java:57)
	at sun.reflect.DelegatingMethodAccessorImpl.invoke(DelegatingMethodAccessorImpl.java:43)
	at java.lang.reflect.Method.invoke(Method.java:601)
	at org.testng.internal.MethodInvocationHelper.invokeMethod(MethodInvocationHelper.java:84)
	at org.testng.internal.InvokeMethodRunnable.runOne(InvokeMethodRunnable.java:46)
	at org.testng.internal.InvokeMethodRunnable.run(InvokeMethodRunnable.java:37)
	at java.util.concurrent.Executors$RunnableAdapter.call(Executors.java:471)
	at java.util.concurrent.FutureTask$Sync.innerRun(FutureTask.java:334)
	at java.util.concurrent.FutureTask.run(FutureTask.java:166)
	at java.util.concurrent.ThreadPoolExecutor.runWorker(ThreadPoolExecutor.java:1145)
	at java.util.concurrent.ThreadPoolExecutor$Worker.run(ThreadPoolExecutor.java:615)
	at java.lang.Thread.run(Thread.java:722)
</pre></div></td>
<td>0</td>
<td>frontend.newOrLoginUser.MsgAddUserTest@4e416cf7</td></tr>
<tr>
<td title='messageSystem.MsgToGameChatTest.testExec()'><b>testExec</b><br>Test class: messageSystem.MsgToGameChatTest</td>
<td><div><pre>org.testng.internal.thread.ThreadTimeoutException: Method org.testng.internal.TestNGMethod.testExec() didn&apos;t finish within the time-out 50
	at java.lang.Thread.sleep(Native Method)
	at utils.TimeHelper.sleep(TimeHelper.java:14)
	at chat.GameChatImpl.run(GameChatImpl.java:63)
	at messageSystem.MsgToGameChatTest.testExec(MsgToGameChatTest.java:36)
	at java.util.concurrent.Executors$RunnableAdapter.call(Executors.java:471)
	at java.util.concurrent.FutureTask$Sync.innerRun(FutureTask.java:334)
	at java.util.concurrent.FutureTask.run(FutureTask.java:166)
	at java.util.concurrent.ThreadPoolExecutor.runWorker(ThreadPoolExecutor.java:1145)
	at java.util.concurrent.ThreadPoolExecutor$Worker.run(ThreadPoolExecutor.java:615)
	at java.lang.Thread.run(Thread.java:722)
... Removed 7 stack frames</pre></div><a href='#' onClick='toggleBox("stack-trace2091583256", this, "Click to show all stack frames", "Click to hide stack frames")'>Click to show all stack frames</a>
<div class='stack-trace' id='stack-trace2091583256'><pre>org.testng.internal.thread.ThreadTimeoutException: Method org.testng.internal.TestNGMethod.testExec() didn&apos;t finish within the time-out 50
	at java.lang.Thread.sleep(Native Method)
	at utils.TimeHelper.sleep(TimeHelper.java:14)
	at chat.GameChatImpl.run(GameChatImpl.java:63)
	at messageSystem.MsgToGameChatTest.testExec(MsgToGameChatTest.java:36)
	at sun.reflect.NativeMethodAccessorImpl.invoke0(Native Method)
	at sun.reflect.NativeMethodAccessorImpl.invoke(NativeMethodAccessorImpl.java:57)
	at sun.reflect.DelegatingMethodAccessorImpl.invoke(DelegatingMethodAccessorImpl.java:43)
	at java.lang.reflect.Method.invoke(Method.java:601)
	at org.testng.internal.MethodInvocationHelper.invokeMethod(MethodInvocationHelper.java:84)
	at org.testng.internal.InvokeMethodRunnable.runOne(InvokeMethodRunnable.java:46)
	at org.testng.internal.InvokeMethodRunnable.run(InvokeMethodRunnable.java:37)
	at java.util.concurrent.Executors$RunnableAdapter.call(Executors.java:471)
	at java.util.concurrent.FutureTask$Sync.innerRun(FutureTask.java:334)
	at java.util.concurrent.FutureTask.run(FutureTask.java:166)
	at java.util.concurrent.ThreadPoolExecutor.runWorker(ThreadPoolExecutor.java:1145)
	at java.util.concurrent.ThreadPoolExecutor$Worker.run(ThreadPoolExecutor.java:615)
	at java.lang.Thread.run(Thread.java:722)
</pre></div></td>
<td>0</td>
<td>messageSystem.MsgToGameChatTest@2d4ab6e3</td></tr>
<tr>
<td title='messageSystem.MsgToGameMechanicTest.testExec()'><b>testExec</b><br>Test class: messageSystem.MsgToGameMechanicTest</td>
<td><div><pre>org.testng.internal.thread.ThreadTimeoutException: Method org.testng.internal.TestNGMethod.testExec() didn&apos;t finish within the time-out 50
	at java.lang.Thread.sleep(Native Method)
	at utils.TimeHelper.sleep(TimeHelper.java:14)
	at gameMechanic.GameMechanicImpl.run(GameMechanicImpl.java:217)
	at messageSystem.MsgToGameMechanicTest.testExec(MsgToGameMechanicTest.java:42)
	at java.util.concurrent.Executors$RunnableAdapter.call(Executors.java:471)
	at java.util.concurrent.FutureTask$Sync.innerRun(FutureTask.java:334)
	at java.util.concurrent.FutureTask.run(FutureTask.java:166)
	at java.util.concurrent.ThreadPoolExecutor.runWorker(ThreadPoolExecutor.java:1145)
	at java.util.concurrent.ThreadPoolExecutor$Worker.run(ThreadPoolExecutor.java:615)
	at java.lang.Thread.run(Thread.java:722)
... Removed 7 stack frames</pre></div><a href='#' onClick='toggleBox("stack-trace1913314890", this, "Click to show all stack frames", "Click to hide stack frames")'>Click to show all stack frames</a>
<div class='stack-trace' id='stack-trace1913314890'><pre>org.testng.internal.thread.ThreadTimeoutException: Method org.testng.internal.TestNGMethod.testExec() didn&apos;t finish within the time-out 50
	at java.lang.Thread.sleep(Native Method)
	at utils.TimeHelper.sleep(TimeHelper.java:14)
	at gameMechanic.GameMechanicImpl.run(GameMechanicImpl.java:217)
	at messageSystem.MsgToGameMechanicTest.testExec(MsgToGameMechanicTest.java:42)
	at sun.reflect.NativeMethodAccessorImpl.invoke0(Native Method)
	at sun.reflect.NativeMethodAccessorImpl.invoke(NativeMethodAccessorImpl.java:57)
	at sun.reflect.DelegatingMethodAccessorImpl.invoke(DelegatingMethodAccessorImpl.java:43)
	at java.lang.reflect.Method.invoke(Method.java:601)
	at org.testng.internal.MethodInvocationHelper.invokeMethod(MethodInvocationHelper.java:84)
	at org.testng.internal.InvokeMethodRunnable.runOne(InvokeMethodRunnable.java:46)
	at org.testng.internal.InvokeMethodRunnable.run(InvokeMethodRunnable.java:37)
	at java.util.concurrent.Executors$RunnableAdapter.call(Executors.java:471)
	at java.util.concurrent.FutureTask$Sync.innerRun(FutureTask.java:334)
	at java.util.concurrent.FutureTask.run(FutureTask.java:166)
	at java.util.concurrent.ThreadPoolExecutor.runWorker(ThreadPoolExecutor.java:1145)
	at java.util.concurrent.ThreadPoolExecutor$Worker.run(ThreadPoolExecutor.java:615)
	at java.lang.Thread.run(Thread.java:722)
</pre></div></td>
<td>0</td>
<td>messageSystem.MsgToGameMechanicTest@5e5aefe</td></tr>
<tr>
<td title='messageSystem.MsgToUserDataTest.testExec()'><b>testExec</b><br>Test class: messageSystem.MsgToUserDataTest</td>
<td></td>
<td>0</td>
<td>messageSystem.MsgToUserDataTest@2a43a8b8</td></tr>
<tr>
<td title='gameClasses.FieldTest.testField()'><b>testField</b><br>Test class: gameClasses.FieldTest</td>
<td></td>
<td>0</td>
<td>gameClasses.FieldTest@34dea091</td></tr>
<tr>
<td title='dbService.TestTExecutor.testFindUser()'><b>testFindUser</b><br>Test class: dbService.TestTExecutor</td>
<td></td>
<td>0</td>
<td>dbService.TestTExecutor@4421972b</td></tr>
<tr>
<td title='utils.VFSTest.testGetAbsolutePath()'><b>testGetAbsolutePath</b><br>Test class: utils.VFSTest</td>
<td></td>
<td>0</td>
<td>utils.VFSTest@5ae99cbb</td></tr>
<tr>
<td title='chat.TestGameChatImpl.testGetAddress()'><b>testGetAddress</b><br>Test class: chat.TestGameChatImpl</td>
<td></td>
<td>0</td>
<td>chat.TestGameChatImpl@56c747e8</td></tr>
<tr>
<td title='messageSystem.AddressServiceImplTest.testGetAddressByName()'><b>testGetAddressByName</b><br>Test class: messageSystem.AddressServiceImplTest</td>
<td></td>
<td>0</td>
<td>messageSystem.AddressServiceImplTest@43b64611</td></tr>
<tr>
<td title='userDataImpl.TestUserDataImpl.testGetChatWSBySessionId()'><b>testGetChatWSBySessionId</b><br>Test class: userDataImpl.TestUserDataImpl</td>
<td></td>
<td>0</td>
<td>userDataImpl.TestUserDataImpl@3f75c03e</td></tr>
<tr>
<td title='gameMechanic.GameSessionTest.testGetFields()'><b>testGetFields</b><br>Test class: gameMechanic.GameSessionTest</td>
<td></td>
<td>0</td>
<td>gameMechanic.GameSessionTest@7ef73d69</td></tr>
<tr>
<td title='userDataImpl.TestUserDataImpl.testGetLogInUserBySessionId()'><b>testGetLogInUserBySessionId</b><br>Test class: userDataImpl.TestUserDataImpl</td>
<td></td>
<td>0</td>
<td>userDataImpl.TestUserDataImpl@3f75c03e</td></tr>
<tr>
<td title='chat.TestGameChatImpl.testGetMessageSystem()'><b>testGetMessageSystem</b><br>Test class: chat.TestGameChatImpl</td>
<td></td>
<td>0</td>
<td>chat.TestGameChatImpl@56c747e8</td></tr>
<tr>
<td title='gameMechanic.GameSessionTest.testGetNext()'><b>testGetNext</b><br>Test class: gameMechanic.GameSessionTest</td>
<td></td>
<td>0</td>
<td>gameMechanic.GameSessionTest@7ef73d69</td></tr>
<tr>
<td title='dbService.TestDBServiceImpl.testGetNoneExistUDS()'><b>testGetNoneExistUDS</b><br>Test class: dbService.TestDBServiceImpl</td>
<td></td>
<td>0</td>
<td>dbService.TestDBServiceImpl@1ba5cfae</td></tr>
<tr>
<td title='utils.VFSTest.testGetRelativePath()'><b>testGetRelativePath</b><br>Test class: utils.VFSTest</td>
<td></td>
<td>0</td>
<td>utils.VFSTest@5ae99cbb</td></tr>
<tr>
<td title='resource.ResourceFactoryTest.testGetResource()'><b>testGetResource</b><br>Test class: resource.ResourceFactoryTest</td>
<td></td>
<td>0</td>
<td>resource.ResourceFactoryTest@3ff9ddb5</td></tr>
<tr>
<td title='userDataImpl.TestUserDataImpl.testGetSessionIdByUserId()'><b>testGetSessionIdByUserId</b><br>Test class: userDataImpl.TestUserDataImpl</td>
<td></td>
<td>0</td>
<td>userDataImpl.TestUserDataImpl@3f75c03e</td></tr>
<tr>
<td title='gameMechanic.GameSessionTest.testGetSnapshot()'><b>testGetSnapshot</b><br>Test class: gameMechanic.GameSessionTest</td>
<td></td>
<td>0</td>
<td>gameMechanic.GameSessionTest@7ef73d69</td></tr>
<tr>
<td title='utils.SysInfoTest.testGetStat()'><b>testGetStat</b><br>Test class: utils.SysInfoTest</td>
<td></td>
<td>0</td>
<td>utils.SysInfoTest@7f3f6786</td></tr>
<tr>
<td title='userDataImpl.TestUserDataImpl.testGetWSBySessionId()'><b>testGetWSBySessionId</b><br>Test class: userDataImpl.TestUserDataImpl</td>
<td></td>
<td>0</td>
<td>userDataImpl.TestUserDataImpl@3f75c03e</td></tr>
<tr>
<td title='gameMechanic.GameSessionTest.testGetWinnerId()'><b>testGetWinnerId</b><br>Test class: gameMechanic.GameSessionTest</td>
<td></td>
<td>0</td>
<td>gameMechanic.GameSessionTest@7ef73d69</td></tr>
<tr>
<td title='frontend.handler.TestRegUserTarget404.testHandleNewUserTarget404()'><b>testHandleNewUserTarget404</b><br>Test class: frontend.handler.TestRegUserTarget404</td>
<td></td>
<td>0</td>
<td>frontend.handler.TestRegUserTarget404@2cc29ba3</td></tr>
<tr>
<td title='frontend.handler.TestNUTargetMainPage.testHandleNewUserTargetMainPage()'><b>testHandleNewUserTargetMainPage</b><br>Test class: frontend.handler.TestNUTargetMainPage</td>
<td></td>
<td>0</td>
<td>frontend.handler.TestNUTargetMainPage@3595ecae</td></tr>
<tr>
<td title='frontend.handler.TestRegUserTargetReg.testHandleNotNewUserTargetRules()'><b>testHandleNotNewUserTargetRules</b><br>Test class: frontend.handler.TestRegUserTargetReg</td>
<td></td>
<td>0</td>
<td>frontend.handler.TestRegUserTargetReg@287cbe54</td></tr>
<tr>
<td title='frontend.handler.TestRegUserTargetRules.testHandleNotNewUserTargetRules()'><b>testHandleNotNewUserTargetRules</b><br>Test class: frontend.handler.TestRegUserTargetRules</td>
<td></td>
<td>0</td>
<td>frontend.handler.TestRegUserTargetRules@73b228d1</td></tr>
<tr>
<td title='frontend.handler.TestRegUserTargetMainPage.testHandleNotNewUserTargetRules()'><b>testHandleNotNewUserTargetRules</b><br>Test class: frontend.handler.TestRegUserTargetMainPage</td>
<td></td>
<td>0</td>
<td>frontend.handler.TestRegUserTargetMainPage@14d1cc61</td></tr>
<tr>
<td title='gameClasses.StrokeTest.testInstance()'><b>testInstance</b><br>Test class: gameClasses.StrokeTest</td>
<td></td>
<td>0</td>
<td>gameClasses.StrokeTest@a9cafe0</td></tr>
<tr>
<td title='utils.VFSTest.testIsExist()'><b>testIsExist</b><br>Test class: utils.VFSTest</td>
<td></td>
<td>0</td>
<td>utils.VFSTest@5ae99cbb</td></tr>
<tr>
<td title='utils.VFSTest.testIsFile()'><b>testIsFile</b><br>Test class: utils.VFSTest</td>
<td></td>
<td>0</td>
<td>utils.VFSTest@5ae99cbb</td></tr>
<tr>
<td title='userDataImpl.TestUserDataImpl.testKeepAliveWSIsNull()'><b>testKeepAliveWSIsNull</b><br>Test class: userDataImpl.TestUserDataImpl</td>
<td></td>
<td>0</td>
<td>userDataImpl.TestUserDataImpl@3f75c03e</td></tr>
<tr>
<td title='frontend.handler.TestRegUserTargetRegPost.testNickAndPasswordAreNotNull()'><b>testNickAndPasswordAreNotNull</b><br>Test class: frontend.handler.TestRegUserTargetRegPost</td>
<td></td>
<td>0</td>
<td>frontend.handler.TestRegUserTargetRegPost@15b39190</td></tr>
<tr>
<td title='chat.TestChatWSIpml.testOnWebSocketText()'><b>testOnWebSocketText</b><br>Test class: chat.TestChatWSIpml</td>
<td></td>
<td>0</td>
<td>chat.TestChatWSIpml@40199011</td></tr>
<tr>
<td title='frontend.handler.TestWebSocketImpl.testOnWebSocketText()'><b>testOnWebSocketText</b><br>Test class: frontend.handler.TestWebSocketImpl</td>
<td></td>
<td>0</td>
<td>frontend.handler.TestWebSocketImpl@173ceeb6</td></tr>
<tr>
<td title='frontend.handler.TestWebSocketImpl.testOnWebSocketTextAddNewWebSocket()'><b>testOnWebSocketTextAddNewWebSocket</b><br>Test class: frontend.handler.TestWebSocketImpl</td>
<td></td>
<td>0</td>
<td>frontend.handler.TestWebSocketImpl@173ceeb6</td></tr>
<tr>
<td title='frontend.handler.TestWebSocketImpl.testOnWebSocketTextCoordinatesAreIncorrect1()'><b>testOnWebSocketTextCoordinatesAreIncorrect1</b><br>Test class: frontend.handler.TestWebSocketImpl</td>
<td></td>
<td>0</td>
<td>frontend.handler.TestWebSocketImpl@173ceeb6</td></tr>
<tr>
<td title='frontend.handler.TestWebSocketImpl.testOnWebSocketTextCoordinatesAreIncorrect2()'><b>testOnWebSocketTextCoordinatesAreIncorrect2</b><br>Test class: frontend.handler.TestWebSocketImpl</td>
<td></td>
<td>0</td>
<td>frontend.handler.TestWebSocketImpl@173ceeb6</td></tr>
<tr>
<td title='frontend.handler.TestWebSocketImpl.testOnWebSocketTextCoordinatesAreIncorrect3()'><b>testOnWebSocketTextCoordinatesAreIncorrect3</b><br>Test class: frontend.handler.TestWebSocketImpl</td>
<td></td>
<td>0</td>
<td>frontend.handler.TestWebSocketImpl@173ceeb6</td></tr>
<tr>
<td title='frontend.handler.TestWebSocketImpl.testOnWebSocketTextCoordinatesAreIncorrect4()'><b>testOnWebSocketTextCoordinatesAreIncorrect4</b><br>Test class: frontend.handler.TestWebSocketImpl</td>
<td></td>
<td>0</td>
<td>frontend.handler.TestWebSocketImpl@173ceeb6</td></tr>
<tr>
<td title='frontend.handler.TestWebSocketImpl.testOnWebSocketTextCoordinatesAreIncorrectAndSessionIdIsNull()'><b>testOnWebSocketTextCoordinatesAreIncorrectAndSessionIdIsNull</b><br>Test class: frontend.handler.TestWebSocketImpl</td>
<td></td>
<td>0</td>
<td>frontend.handler.TestWebSocketImpl@173ceeb6</td></tr>
<tr>
<td title='frontend.handler.TestWebSocketImpl.testOnWebSocketTextCoordinatesAreIncorrectButServerTimeIsOk()'><b>testOnWebSocketTextCoordinatesAreIncorrectButServerTimeIsOk</b><br>Test class: frontend.handler.TestWebSocketImpl</td>
<td></td>
<td>0</td>
<td>frontend.handler.TestWebSocketImpl@173ceeb6</td></tr>
<tr>
<td title='frontend.handler.TestWebSocketImpl.testOnWebSocketTextCoordinatesAreOk()'><b>testOnWebSocketTextCoordinatesAreOk</b><br>Test class: frontend.handler.TestWebSocketImpl</td>
<td></td>
<td>0</td>
<td>frontend.handler.TestWebSocketImpl@173ceeb6</td></tr>
<tr>
<td title='frontend.handler.TestWebSocketImpl.testOnWebSocketTextCoordinatesAreOkSessionIdIsNull()'><b>testOnWebSocketTextCoordinatesAreOkSessionIdIsNull</b><br>Test class: frontend.handler.TestWebSocketImpl</td>
<td></td>
<td>0</td>
<td>frontend.handler.TestWebSocketImpl@173ceeb6</td></tr>
<tr>
<td title='chat.TestNewWSImpl.testOnWebSocketTextThereAreNoConnect()'><b>testOnWebSocketTextThereAreNoConnect</b><br>Test class: chat.TestNewWSImpl</td>
<td></td>
<td>0</td>
<td>chat.TestNewWSImpl@26767bef</td></tr>
<tr>
<td title='frontend.handler.TestWebSocketImpl.testOnWebSocketTextThereAreNoConnection()'><b>testOnWebSocketTextThereAreNoConnection</b><br>Test class: frontend.handler.TestWebSocketImpl</td>
<td></td>
<td>0</td>
<td>frontend.handler.TestWebSocketImpl@173ceeb6</td></tr>
<tr>
<td title='userDataImpl.TestUserDataImpl.testPartyEnd()'><b>testPartyEnd</b><br>Test class: userDataImpl.TestUserDataImpl</td>
<td></td>
<td>0</td>
<td>userDataImpl.TestUserDataImpl@3f75c03e</td></tr>
<tr>
<td title='userDataImpl.TestUserDataImpl.testPartyEndAllIsNull()'><b>testPartyEndAllIsNull</b><br>Test class: userDataImpl.TestUserDataImpl</td>
<td></td>
<td>0</td>
<td>userDataImpl.TestUserDataImpl@3f75c03e</td></tr>
<tr>
<td title='userDataImpl.TestUserDataImpl.testPartyEndFirstIsNull()'><b>testPartyEndFirstIsNull</b><br>Test class: userDataImpl.TestUserDataImpl</td>
<td></td>
<td>0</td>
<td>userDataImpl.TestUserDataImpl@3f75c03e</td></tr>
<tr>
<td title='userDataImpl.TestUserDataImpl.testPartyEndSecondIsNull()'><b>testPartyEndSecondIsNull</b><br>Test class: userDataImpl.TestUserDataImpl</td>
<td></td>
<td>0</td>
<td>userDataImpl.TestUserDataImpl@3f75c03e</td></tr>
<tr>
<td title='resource.ResourceFactoryTest.testRating()'><b>testRating</b><br>Test class: resource.ResourceFactoryTest</td>
<td></td>
<td>0</td>
<td>resource.ResourceFactoryTest@3ff9ddb5</td></tr>
<tr>
<td title='utils.VFSTest.testReadFile()'><b>testReadFile</b><br>Test class: utils.VFSTest</td>
<td></td>
<td>0</td>
<td>utils.VFSTest@5ae99cbb</td></tr>
<tr>
<td title='frontend.handler.TestRegUserTargetRegPost.testRegNickAndPasswdAreNull()'><b>testRegNickAndPasswdAreNull</b><br>Test class: frontend.handler.TestRegUserTargetRegPost</td>
<td></td>
<td>0</td>
<td>frontend.handler.TestRegUserTargetRegPost@15b39190</td></tr>
<tr>
<td title='frontend.handler.TestRegUserTargetRegPost.testRegNickAndPasswordAreNotNull()'><b>testRegNickAndPasswordAreNotNull</b><br>Test class: frontend.handler.TestRegUserTargetRegPost</td>
<td></td>
<td>0</td>
<td>frontend.handler.TestRegUserTargetRegPost@15b39190</td></tr>
<tr>
<td title='frontend.handler.TestRegUserTargetRegPost.testRegNickAndPasswordAreNull()'><b>testRegNickAndPasswordAreNull</b><br>Test class: frontend.handler.TestRegUserTargetRegPost</td>
<td></td>
<td>0</td>
<td>frontend.handler.TestRegUserTargetRegPost@15b39190</td></tr>
<tr>
<td title='dbService.TestDBServiceImpl.testRun()'><b>testRun</b><br>Test class: dbService.TestDBServiceImpl</td>
<td><div><pre>org.testng.internal.thread.ThreadTimeoutException: Method org.testng.internal.TestNGMethod.testRun() didn&apos;t finish within the time-out 500
	at java.lang.Object.getClass(Native Method)
	at org.mockito.internal.creation.cglib.CGLIBHacker.setMockitoNamingPolicy(CGLIBHacker.java:20)
	at org.mockito.internal.creation.MethodInterceptorFilter.intercept(MethodInterceptorFilter.java:41)
	at base.MessageSystem$$EnhancerByMockitoWithCGLIB$$4e4aaa08.execForAbonent(&lt;generated&gt;)
	at dbService.DBServiceImpl.run(DBServiceImpl.java:104)
	at dbService.TestDBServiceImpl.testRun(TestDBServiceImpl.java:130)
	at java.util.concurrent.Executors$RunnableAdapter.call(Executors.java:471)
	at java.util.concurrent.FutureTask$Sync.innerRun(FutureTask.java:334)
	at java.util.concurrent.FutureTask.run(FutureTask.java:166)
	at java.util.concurrent.ThreadPoolExecutor.runWorker(ThreadPoolExecutor.java:1145)
	at java.util.concurrent.ThreadPoolExecutor$Worker.run(ThreadPoolExecutor.java:615)
	at java.lang.Thread.run(Thread.java:722)
... Removed 8 stack frames</pre></div><a href='#' onClick='toggleBox("stack-trace1768385310", this, "Click to show all stack frames", "Click to hide stack frames")'>Click to show all stack frames</a>
<div class='stack-trace' id='stack-trace1768385310'><pre>org.testng.internal.thread.ThreadTimeoutException: Method org.testng.internal.TestNGMethod.testRun() didn&apos;t finish within the time-out 500
	at java.lang.Object.getClass(Native Method)
	at org.mockito.internal.creation.cglib.CGLIBHacker.reflectOnCreateInfo(CGLIBHacker.java:37)
	at org.mockito.internal.creation.cglib.CGLIBHacker.setMockitoNamingPolicy(CGLIBHacker.java:20)
	at org.mockito.internal.creation.MethodInterceptorFilter.intercept(MethodInterceptorFilter.java:41)
	at base.MessageSystem$$EnhancerByMockitoWithCGLIB$$4e4aaa08.execForAbonent(&lt;generated&gt;)
	at dbService.DBServiceImpl.run(DBServiceImpl.java:104)
	at dbService.TestDBServiceImpl.testRun(TestDBServiceImpl.java:130)
	at sun.reflect.NativeMethodAccessorImpl.invoke0(Native Method)
	at sun.reflect.NativeMethodAccessorImpl.invoke(NativeMethodAccessorImpl.java:57)
	at sun.reflect.DelegatingMethodAccessorImpl.invoke(DelegatingMethodAccessorImpl.java:43)
	at java.lang.reflect.Method.invoke(Method.java:601)
	at org.testng.internal.MethodInvocationHelper.invokeMethod(MethodInvocationHelper.java:84)
	at org.testng.internal.InvokeMethodRunnable.runOne(InvokeMethodRunnable.java:46)
	at org.testng.internal.InvokeMethodRunnable.run(InvokeMethodRunnable.java:37)
	at java.util.concurrent.Executors$RunnableAdapter.call(Executors.java:471)
	at java.util.concurrent.FutureTask$Sync.innerRun(FutureTask.java:334)
	at java.util.concurrent.FutureTask.run(FutureTask.java:166)
	at java.util.concurrent.ThreadPoolExecutor.runWorker(ThreadPoolExecutor.java:1145)
	at java.util.concurrent.ThreadPoolExecutor$Worker.run(ThreadPoolExecutor.java:615)
	at java.lang.Thread.run(Thread.java:722)
</pre></div></td>
<td>0</td>
<td>dbService.TestDBServiceImpl@1ba5cfae</td></tr>
<tr>
<td title='chat.TestGameChatImpl.testRun()'><b>testRun</b><br>Test class: chat.TestGameChatImpl</td>
<td><div><pre>org.testng.internal.thread.ThreadTimeoutException: Method org.testng.internal.TestNGMethod.testRun() didn&apos;t finish within the time-out 500
	at base.MessageSystem$$EnhancerByMockitoWithCGLIB$$4e4aaa08.execForAbonent(&lt;generated&gt;)
	at chat.GameChatImpl.run(GameChatImpl.java:62)
	at chat.TestGameChatImpl.testRun(TestGameChatImpl.java:39)
	at java.util.concurrent.Executors$RunnableAdapter.call(Executors.java:471)
	at java.util.concurrent.FutureTask$Sync.innerRun(FutureTask.java:334)
	at java.util.concurrent.FutureTask.run(FutureTask.java:166)
	at java.util.concurrent.ThreadPoolExecutor.runWorker(ThreadPoolExecutor.java:1145)
	at java.util.concurrent.ThreadPoolExecutor$Worker.run(ThreadPoolExecutor.java:615)
	at java.lang.Thread.run(Thread.java:722)
... Removed 7 stack frames</pre></div><a href='#' onClick='toggleBox("stack-trace461346139", this, "Click to show all stack frames", "Click to hide stack frames")'>Click to show all stack frames</a>
<div class='stack-trace' id='stack-trace461346139'><pre>org.testng.internal.thread.ThreadTimeoutException: Method org.testng.internal.TestNGMethod.testRun() didn&apos;t finish within the time-out 500
	at base.MessageSystem$$EnhancerByMockitoWithCGLIB$$4e4aaa08.execForAbonent(&lt;generated&gt;)
	at chat.GameChatImpl.run(GameChatImpl.java:62)
	at chat.TestGameChatImpl.testRun(TestGameChatImpl.java:39)
	at sun.reflect.NativeMethodAccessorImpl.invoke0(Native Method)
	at sun.reflect.NativeMethodAccessorImpl.invoke(NativeMethodAccessorImpl.java:57)
	at sun.reflect.DelegatingMethodAccessorImpl.invoke(DelegatingMethodAccessorImpl.java:43)
	at java.lang.reflect.Method.invoke(Method.java:601)
	at org.testng.internal.MethodInvocationHelper.invokeMethod(MethodInvocationHelper.java:84)
	at org.testng.internal.InvokeMethodRunnable.runOne(InvokeMethodRunnable.java:46)
	at org.testng.internal.InvokeMethodRunnable.run(InvokeMethodRunnable.java:37)
	at java.util.concurrent.Executors$RunnableAdapter.call(Executors.java:471)
	at java.util.concurrent.FutureTask$Sync.innerRun(FutureTask.java:334)
	at java.util.concurrent.FutureTask.run(FutureTask.java:166)
	at java.util.concurrent.ThreadPoolExecutor.runWorker(ThreadPoolExecutor.java:1145)
	at java.util.concurrent.ThreadPoolExecutor$Worker.run(ThreadPoolExecutor.java:615)
	at java.lang.Thread.run(Thread.java:722)
</pre></div></td>
<td>0</td>
<td>chat.TestGameChatImpl@56c747e8</td></tr>
<tr>
<td title='utils.SysInfoTest.testRunAfterCall()'><b>testRunAfterCall</b><br>Test class: utils.SysInfoTest</td>
<td></td>
<td>0</td>
<td>utils.SysInfoTest@7f3f6786</td></tr>
<tr>
<td title='utils.SysInfoTest.testRunCall()'><b>testRunCall</b><br>Test class: utils.SysInfoTest</td>
<td><div><pre>org.testng.internal.thread.ThreadTimeoutException: Method org.testng.internal.TestNGMethod.testRunCall() didn&apos;t finish within the time-out 50
	at java.lang.Thread.sleep(Native Method)
	at utils.TimeHelper.sleep(TimeHelper.java:14)
	at utils.SysInfo.run(SysInfo.java:44)
	at utils.SysInfoTest.testRunCall(SysInfoTest.java:73)
	at java.util.concurrent.Executors$RunnableAdapter.call(Executors.java:471)
	at java.util.concurrent.FutureTask$Sync.innerRun(FutureTask.java:334)
	at java.util.concurrent.FutureTask.run(FutureTask.java:166)
	at java.util.concurrent.ThreadPoolExecutor.runWorker(ThreadPoolExecutor.java:1145)
	at java.util.concurrent.ThreadPoolExecutor$Worker.run(ThreadPoolExecutor.java:615)
	at java.lang.Thread.run(Thread.java:722)
... Removed 7 stack frames</pre></div><a href='#' onClick='toggleBox("stack-trace2081591507", this, "Click to show all stack frames", "Click to hide stack frames")'>Click to show all stack frames</a>
<div class='stack-trace' id='stack-trace2081591507'><pre>org.testng.internal.thread.ThreadTimeoutException: Method org.testng.internal.TestNGMethod.testRunCall() didn&apos;t finish within the time-out 50
	at java.lang.Thread.sleep(Native Method)
	at utils.TimeHelper.sleep(TimeHelper.java:14)
	at utils.SysInfo.run(SysInfo.java:44)
	at utils.SysInfoTest.testRunCall(SysInfoTest.java:73)
	at sun.reflect.NativeMethodAccessorImpl.invoke0(Native Method)
	at sun.reflect.NativeMethodAccessorImpl.invoke(NativeMethodAccessorImpl.java:57)
	at sun.reflect.DelegatingMethodAccessorImpl.invoke(DelegatingMethodAccessorImpl.java:43)
	at java.lang.reflect.Method.invoke(Method.java:601)
	at org.testng.internal.MethodInvocationHelper.invokeMethod(MethodInvocationHelper.java:84)
	at org.testng.internal.InvokeMethodRunnable.runOne(InvokeMethodRunnable.java:46)
	at org.testng.internal.InvokeMethodRunnable.run(InvokeMethodRunnable.java:37)
	at java.util.concurrent.Executors$RunnableAdapter.call(Executors.java:471)
	at java.util.concurrent.FutureTask$Sync.innerRun(FutureTask.java:334)
	at java.util.concurrent.FutureTask.run(FutureTask.java:166)
	at java.util.concurrent.ThreadPoolExecutor.runWorker(ThreadPoolExecutor.java:1145)
	at java.util.concurrent.ThreadPoolExecutor$Worker.run(ThreadPoolExecutor.java:615)
	at java.lang.Thread.run(Thread.java:722)
</pre></div></td>
<td>0</td>
<td>utils.SysInfoTest@7f3f6786</td></tr>
<tr>
<td title='gameMechanic.GameSessionTest.testSaveAILog()'><b>testSaveAILog</b><br>Test class: gameMechanic.GameSessionTest</td>
<td></td>
<td>0</td>
<td>gameMechanic.GameSessionTest@7ef73d69</td></tr>
<tr>
<td title='gameMechanic.GameSessionTest.testSaveLog()'><b>testSaveLog</b><br>Test class: gameMechanic.GameSessionTest</td>
<td></td>
<td>0</td>
<td>gameMechanic.GameSessionTest@7ef73d69</td></tr>
<tr>
<td title='utils.ReflectionHelperTest.testSetFieldValue()'><b>testSetFieldValue</b><br>Test class: utils.ReflectionHelperTest</td>
<td></td>
<td>0</td>
<td>utils.ReflectionHelperTest@1f30e79e</td></tr>
<tr>
<td title='frontend.handler.TestRegUserTargetRegPost.testStatusReadyTargetLogout()'><b>testStatusReadyTargetLogout</b><br>Test class: frontend.handler.TestRegUserTargetRegPost</td>
<td></td>
<td>0</td>
<td>frontend.handler.TestRegUserTargetRegPost@15b39190</td></tr>
<tr>
<td title='frontend.handler.TestRegUserTargetRegPost.testStatusReadyTargetMainPage()'><b>testStatusReadyTargetMainPage</b><br>Test class: frontend.handler.TestRegUserTargetRegPost</td>
<td></td>
<td>0</td>
<td>frontend.handler.TestRegUserTargetRegPost@15b39190</td></tr>
<tr>
<td title='frontend.handler.TestRegUserTargetRegPost.testStatusReadyTargetProfile()'><b>testStatusReadyTargetProfile</b><br>Test class: frontend.handler.TestRegUserTargetRegPost</td>
<td></td>
<td>0</td>
<td>frontend.handler.TestRegUserTargetRegPost@15b39190</td></tr>
<tr>
<td title='frontend.handler.TestRegUserTargetRegPost.testStatusReadyTargetReg()'><b>testStatusReadyTargetReg</b><br>Test class: frontend.handler.TestRegUserTargetRegPost</td>
<td></td>
<td>0</td>
<td>frontend.handler.TestRegUserTargetRegPost@15b39190</td></tr>
<tr>
<td title='frontend.handler.TestRegUserTargetRegPost.testTargetWait()'><b>testTargetWait</b><br>Test class: frontend.handler.TestRegUserTargetRegPost</td>
<td></td>
<td>0</td>
<td>frontend.handler.TestRegUserTargetRegPost@15b39190</td></tr>
<tr>
<td title='frontend.handler.TestRegUserTargetRegPost.testTargetWaitAndPostStatusZero()'><b>testTargetWaitAndPostStatusZero</b><br>Test class: frontend.handler.TestRegUserTargetRegPost</td>
<td></td>
<td>0</td>
<td>frontend.handler.TestRegUserTargetRegPost@15b39190</td></tr>
<tr>
<td title='gameClasses.SnapshotTest.testToString()'><b>testToString</b><br>Test class: gameClasses.SnapshotTest</td>
<td></td>
<td>0</td>
<td>gameClasses.SnapshotTest@3ffaab5</td></tr>
<tr>
<td title='gameClasses.SnapshotTest.testToStringTest()'><b>testToStringTest</b><br>Test class: gameClasses.SnapshotTest</td>
<td></td>
<td>0</td>
<td>gameClasses.SnapshotTest@3ffaab5</td></tr>
<tr>
<td title='userDataImpl.TestUserDataImpl.testUpUpdateUserIdNewUserIsNull()'><b>testUpUpdateUserIdNewUserIsNull</b><br>Test class: userDataImpl.TestUserDataImpl</td>
<td></td>
<td>0</td>
<td>userDataImpl.TestUserDataImpl@3f75c03e</td></tr>
<tr>
<td title='dbService.TestDBServiceImpl.testUpdateUDS()'><b>testUpdateUDS</b><br>Test class: dbService.TestDBServiceImpl</td>
<td></td>
<td>0</td>
<td>dbService.TestDBServiceImpl@1ba5cfae</td></tr>
<tr>
<td title='userDataImpl.TestUserDataImpl.testUpdateUserId()'><b>testUpdateUserId</b><br>Test class: userDataImpl.TestUserDataImpl</td>
<td></td>
<td>0</td>
<td>userDataImpl.TestUserDataImpl@3f75c03e</td></tr>
<tr>
<td title='userDataImpl.TestUserDataImpl.testUpdateUserIdOldUserIsNull()'><b>testUpdateUserIdOldUserIsNull</b><br>Test class: userDataImpl.TestUserDataImpl</td>
<td></td>
<td>0</td>
<td>userDataImpl.TestUserDataImpl@3f75c03e</td></tr>
<tr>
<td title='frontend.handler.TestWebSocketImpl.testUpdateUsersColor()'><b>testUpdateUsersColor</b><br>Test class: frontend.handler.TestWebSocketImpl</td>
<td></td>
<td>0</td>
<td>frontend.handler.TestWebSocketImpl@173ceeb6</td></tr>
<tr>
<td title='frontend.handler.TestWebSocketImpl.testWebSocketImpl()'><b>testWebSocketImpl</b><br>Test class: frontend.handler.TestWebSocketImpl</td>
<td></td>
<td>0</td>
<td>frontend.handler.TestWebSocketImpl@173ceeb6</td></tr>
<tr>
<td title='utils.VFSTest.testWriteToEndOfFile()'><b>testWriteToEndOfFile</b><br>Test class: utils.VFSTest</td>
<td></td>
<td>0</td>
<td>utils.VFSTest@5ae99cbb</td></tr>
<tr>
<td title='utils.VFSTest.testWriteToFile()'><b>testWriteToFile</b><br>Test class: utils.VFSTest</td>
<td></td>
<td>0</td>
<td>utils.VFSTest@5ae99cbb</td></tr>
</table><p>
</body>
</html>