<?xml version="1.0" encoding="UTF-8" ?>
<testsuite failures="8" time="2.893" errors="0" skipped="0" tests="105" name="TestSuite">
  <properties>
    <property name="java.runtime.name" value="Java(TM) SE Runtime Environment"/>
    <property name="sun.boot.library.path" value="C:\Program Files\Java\jdk1.7.0_17\jre\bin"/>
    <property name="java.vm.version" value="23.7-b01"/>
    <property name="java.vm.vendor" value="Oracle Corporation"/>
    <property name="java.vendor.url" value="http://java.oracle.com/"/>
    <property name="path.separator" value=";"/>
    <property name="guice.disable.misplaced.annotation.check" value="true"/>
    <property name="java.vm.name" value="Java HotSpot(TM) 64-Bit Server VM"/>
    <property name="file.encoding.pkg" value="sun.io"/>
    <property name="idea.launcher.port" value="7536"/>
    <property name="user.script" value=""/>
    <property name="user.country" value="RU"/>
    <property name="sun.java.launcher" value="SUN_STANDARD"/>
    <property name="sun.os.patch.level" value="Service Pack 1"/>
    <property name="java.vm.specification.name" value="Java Virtual Machine Specification"/>
    <property name="user.dir" value="C:\testServer"/>
    <property name="java.runtime.version" value="1.7.0_17-b02"/>
    <property name="java.awt.graphicsenv" value="sun.awt.Win32GraphicsEnvironment"/>
    <property name="java.endorsed.dirs" value="C:\Program Files\Java\jdk1.7.0_17\jre\lib\endorsed"/>
    <property name="os.arch" value="amd64"/>
    <property name="java.io.tmpdir" value="C:\Users\Alexandr\AppData\Local\Temp\"/>
    <property name="line.separator" value="
"/>
    <property name="java.vm.specification.vendor" value="Oracle Corporation"/>
    <property name="user.variant" value=""/>
    <property name="os.name" value="Windows 7"/>
    <property name="net.sourceforge.cobertura.datafile" value="C:\testServer\target\cobertura\cobertura.ser"/>
    <property name="classworlds.conf" value="C:\Program Files (x86)\apache-maven-3.2.1\bin\m2.conf"/>
    <property name="sun.jnu.encoding" value="Cp1251"/>
    <property name="java.library.path" value="C:\Program Files\Java\jdk1.7.0_17\bin;C:\Windows\Sun\Java\bin;C:\Windows\system32;C:\Windows;C:\Windows\system32;C:\Windows;C:\Windows\System32\Wbem;C:\Windows\System32\WindowsPowerShell\v1.0\;C:\Program Files (x86)\Intel\OpenCL SDK\2.0\bin\x86;C:\Program Files (x86)\Intel\OpenCL SDK\2.0\bin\x64;C:\Program Files\MATLAB\R2012a\runtime\win64;C:\Program Files\MATLAB\R2012a\bin;."/>
    <property name="java.specification.name" value="Java Platform API Specification"/>
    <property name="java.class.version" value="51.0"/>
    <property name="sun.management.compiler" value="HotSpot 64-Bit Tiered Compilers"/>
    <property name="os.version" value="6.1"/>
    <property name="user.home" value="C:\Users\Alexandr"/>
    <property name="user.timezone" value="GMT+03:00"/>
    <property name="java.awt.printerjob" value="sun.awt.windows.WPrinterJob"/>
    <property name="java.specification.version" value="1.7"/>
    <property name="idea.launcher.bin.path" value="C:\Program Files (x86)\JetBrains\IntelliJ IDEA 13.0.2\bin"/>
    <property name="file.encoding" value="UTF-8"/>
    <property name="user.name" value="Alexandr"/>
    <property name="java.class.path" value="C:\Program Files (x86)\apache-maven-3.2.1\boot\plexus-classworlds-2.5.1.jar;C:\Program Files (x86)\JetBrains\IntelliJ IDEA 13.0.2\lib\idea_rt.jar"/>
    <property name="org.slf4j.simpleLogger.defaultLogLevel" value="info"/>
    <property name="java.vm.specification.version" value="1.7"/>
    <property name="sun.arch.data.model" value="64"/>
    <property name="java.home" value="C:\Program Files\Java\jdk1.7.0_17\jre"/>
    <property name="sun.java.command" value="com.intellij.rt.execution.application.AppMain org.codehaus.classworlds.Launcher site"/>
    <property name="java.specification.vendor" value="Oracle Corporation"/>
    <property name="user.language" value="ru"/>
    <property name="awt.toolkit" value="sun.awt.windows.WToolkit"/>
    <property name="java.vm.info" value="mixed mode"/>
    <property name="java.version" value="1.7.0_17"/>
    <property name="java.ext.dirs" value="C:\Program Files\Java\jdk1.7.0_17\jre\lib\ext;C:\Windows\Sun\Java\lib\ext"/>
    <property name="sun.boot.class.path" value="C:\Program Files\Java\jdk1.7.0_17\jre\lib\resources.jar;C:\Program Files\Java\jdk1.7.0_17\jre\lib\rt.jar;C:\Program Files\Java\jdk1.7.0_17\jre\lib\sunrsasign.jar;C:\Program Files\Java\jdk1.7.0_17\jre\lib\jsse.jar;C:\Program Files\Java\jdk1.7.0_17\jre\lib\jce.jar;C:\Program Files\Java\jdk1.7.0_17\jre\lib\charsets.jar;C:\Program Files\Java\jdk1.7.0_17\jre\lib\jfr.jar;C:\Program Files\Java\jdk1.7.0_17\jre\classes"/>
    <property name="java.vendor" value="Oracle Corporation"/>
    <property name="maven.home" value="C:\Program Files (x86)\apache-maven-3.2.1"/>
    <property name="file.separator" value="\"/>
    <property name="java.vendor.url.bug" value="http://bugreport.sun.com/bugreport/"/>
    <property name="sun.cpu.endian" value="little"/>
    <property name="sun.io.unicode.encoding" value="UnicodeLittle"/>
    <property name="project.build.outputDirectory" value="C:\testServer\target\generated-classes\cobertura"/>
    <property name="sun.desktop" value="windows"/>
    <property name="sun.cpu.isalist" value="amd64"/>
  </properties>
  <testcase time="0.006" classname="messageSystem.AddressServiceImplTest" name="testGetAddressByName"/>
  <testcase time="0.064" classname="gameMechanic.GameSessionTest" name="testCheckStroke"/>
  <testcase time="0.005" classname="gameMechanic.GameSessionTest" name="testGetFields"/>
  <testcase time="0.001" classname="gameMechanic.GameSessionTest" name="testGetNext"/>
  <testcase time="0.003" classname="gameMechanic.GameSessionTest" name="testGetSnapshot"/>
  <testcase time="0.001" classname="gameMechanic.GameSessionTest" name="testGetWinnerId"/>
  <testcase time="0.062" classname="frontend.newOrLoginUser.MsgAddUserTest" name="testExec"/>
  <testcase time="0.053" classname="messageSystem.MsgToGameChatTest" name="testExec"/>
  <testcase time="0.052" classname="messageSystem.MsgToGameMechanicTest" name="testExec"/>
  <testcase time="0" classname="messageSystem.MsgToUserDataTest" name="testExec"/>
  <testcase time="0.023" classname="utils.ReflectionHelperTest" name="testCreateInstance"/>
  <testcase time="0" classname="utils.ReflectionHelperTest" name="testSetFieldValue"/>
  <testcase time="0" classname="resource.ResourceFactoryTest" name="testGetResource"/>
  <testcase time="0.057" classname="utils.SysInfoTest" name="testRunCall"/>
  <testcase time="0.501" classname="dbService.TestDBServiceImpl" name="testRun"/>
  <testcase time="0.002" classname="dbService.TestDBServiceImpl" name="testAddExistsUDS"/>
  <testcase time="0.006" classname="dbService.TestDBServiceImpl" name="testAddUDS"/>
  <testcase time="0.002" classname="dbService.TestDBServiceImpl" name="testDeleteNoneExistsUDS"/>
  <testcase time="0.001" classname="dbService.TestDBServiceImpl" name="testGetNoneExistUDS"/>
  <testcase time="0.003" classname="dbService.TestDBServiceImpl" name="testUpdateUDS"/>
  <testcase time="0.015" classname="chat.TestChatWSIpml" name="testAddMessageToChat"/>
  <testcase time="0" classname="chat.TestChatWSIpml" name="testConstructor"/>
  <testcase time="0.027" classname="chat.TestChatWSIpml" name="testOnWebSocketText"/>
  <testcase time="0.246" classname="frontend.handler.TestNUTargetAdmin" name="testHandleNewUserTargeAdmin">
    <failure message="expected [true] but found [false]" type="java.lang.AssertionError">java.lang.AssertionError: expected [true] but found [false]
	at org.testng.Assert.fail(Assert.java:94)
	at org.testng.Assert.failNotEquals(Assert.java:494)
	at org.testng.Assert.assertTrue(Assert.java:42)
	at org.testng.Assert.assertTrue(Assert.java:52)
	at frontend.handler.TestNUTargetAdmin.testHandleNewUserTargeAdmin(TestNUTargetAdmin.java:85)
</failure>
    <system-out>After Method
</system-out>
  </testcase>
  <testcase time="0.01" classname="frontend.handler.TestNUTargetMainPage" name="testHandleNewUserTargetMainPage"/>
  <testcase time="0.007" classname="frontend.handler.TestRegUserTargetAdmin" name="testHandleNewUserTargetRules">
    <failure message="expected [true] but found [false]" type="java.lang.AssertionError">java.lang.AssertionError: expected [true] but found [false]
	at org.testng.Assert.fail(Assert.java:94)
	at org.testng.Assert.failNotEquals(Assert.java:494)
	at org.testng.Assert.assertTrue(Assert.java:42)
	at org.testng.Assert.assertTrue(Assert.java:52)
	at frontend.handler.TestRegUserTargetAdmin.testHandleNewUserTargetRules(TestRegUserTargetAdmin.java:84)
</failure>
  </testcase>
  <testcase time="0.01" classname="frontend.handler.TestRegUserTargetReg" name="testHandleNotNewUserTargetRules"/>
  <testcase time="0.022" classname="frontend.handler.TestRegUserTargetRegPost" name="testNickAndPasswordAreNotNull"/>
  <testcase time="0.005" classname="frontend.handler.TestRegUserTargetRegPost" name="testRegNickAndPasswdAreNull"/>
  <testcase time="0.01" classname="frontend.handler.TestRegUserTargetRegPost" name="testRegNickAndPasswordAreNotNull"/>
  <testcase time="0.006" classname="frontend.handler.TestRegUserTargetRegPost" name="testRegNickAndPasswordAreNull"/>
  <testcase time="0.013" classname="frontend.handler.TestRegUserTargetRegPost" name="testStatusReadyTargetGame">
    <failure message="expected [true] but found [false]" type="java.lang.AssertionError">java.lang.AssertionError: expected [true] but found [false]
	at org.testng.Assert.fail(Assert.java:94)
	at org.testng.Assert.failNotEquals(Assert.java:494)
	at org.testng.Assert.assertTrue(Assert.java:42)
	at org.testng.Assert.assertTrue(Assert.java:52)
	at frontend.handler.TestRegUserTargetRegPost.testStatusReadyTargetGame(TestRegUserTargetRegPost.java:400)
</failure>
  </testcase>
  <testcase time="0.002" classname="frontend.handler.TestRegUserTargetRegPost" name="testStatusReadyTargetLogout"/>
  <testcase time="0.007" classname="frontend.handler.TestRegUserTargetRegPost" name="testStatusReadyTargetMainPage"/>
  <testcase time="0.005" classname="frontend.handler.TestRegUserTargetRegPost" name="testStatusReadyTargetProfile"/>
  <testcase time="0.003" classname="frontend.handler.TestRegUserTargetRegPost" name="testStatusReadyTargetReg"/>
  <testcase time="0.029" classname="frontend.handler.TestRegUserTargetRegPost" name="testTargetWait"/>
  <testcase time="0.004" classname="frontend.handler.TestRegUserTargetRegPost" name="testTargetWaitAndPostStatusZero"/>
  <testcase time="0.011" classname="frontend.handler.TestRegUserTargetRules" name="testHandleNotNewUserTargetRules"/>
  <testcase time="0" classname="frontend.handler.TestWebSocketImpl" name="test"/>
  <testcase time="0.003" classname="frontend.handler.TestWebSocketImpl" name="testOnWebSocketText"/>
  <testcase time="0.004" classname="frontend.handler.TestWebSocketImpl" name="testOnWebSocketTextAddNewWebSocket"/>
  <testcase time="0" classname="frontend.handler.TestWebSocketImpl" name="testOnWebSocketTextCoordinatesAreIncorrect1"/>
  <testcase time="0" classname="frontend.handler.TestWebSocketImpl" name="testOnWebSocketTextCoordinatesAreIncorrect2"/>
  <testcase time="0" classname="frontend.handler.TestWebSocketImpl" name="testOnWebSocketTextCoordinatesAreIncorrect3"/>
  <testcase time="0.001" classname="frontend.handler.TestWebSocketImpl" name="testOnWebSocketTextCoordinatesAreIncorrect4"/>
  <testcase time="0.001" classname="frontend.handler.TestWebSocketImpl" name="testOnWebSocketTextCoordinatesAreIncorrectAndSessionIdIsNull"/>
  <testcase time="0.001" classname="frontend.handler.TestWebSocketImpl" name="testOnWebSocketTextCoordinatesAreIncorrectButServerTimeIsOk"/>
  <testcase time="0" classname="frontend.handler.TestWebSocketImpl" name="testOnWebSocketTextCoordinatesAreOk"/>
  <testcase time="0.001" classname="frontend.handler.TestWebSocketImpl" name="testOnWebSocketTextCoordinatesAreOkSessionIdIsNull"/>
  <testcase time="0.001" classname="frontend.handler.TestWebSocketImpl" name="testOnWebSocketTextThereAreNoConnection"/>
  <testcase time="0.003" classname="frontend.handler.TestWebSocketImpl" name="testUpdateUsersColor"/>
  <testcase time="0.001" classname="frontend.handler.TestWebSocketImpl" name="testWebSocketImpl"/>
  <testcase time="0.001" classname="utils.VFSTest" name="testBfs"/>
  <testcase time="0.001" classname="utils.VFSTest" name="testGetAbsolutePath"/>
  <testcase time="0" classname="utils.VFSTest" name="testGetRelativePath"/>
  <testcase time="0" classname="utils.VFSTest" name="testIsExist"/>
  <testcase time="0.001" classname="utils.VFSTest" name="testIsFile"/>
  <testcase time="0.008" classname="utils.VFSTest" name="testReadFile"/>
  <testcase time="0" classname="utils.VFSTest" name="testWriteToEndOfFile"/>
  <testcase time="0.005" classname="utils.VFSTest" name="testWriteToFile"/>
  <testcase time="0" classname="userDataImpl.TestUserDataImpl" name="testCheckServerTime"/>
  <testcase time="0.501" classname="userDataImpl.TestUserDataImpl" name="testCreateGames"/>
  <testcase time="0" classname="userDataImpl.TestUserDataImpl" name="testPartyEndSecondIsNull"/>
  <testcase time="0" classname="userDataImpl.TestUserDataImpl" name="testPartyEndFirstIsNull"/>
  <testcase time="0" classname="userDataImpl.TestUserDataImpl" name="testGetSessionIdByUserId"/>
  <testcase time="0.001" classname="userDataImpl.TestUserDataImpl" name="testCheckUsers"/>
  <testcase time="0.002" classname="userDataImpl.TestUserDataImpl" name="testUpdateUserId"/>
  <testcase time="0.001" classname="userDataImpl.TestUserDataImpl" name="testKeepAliveWSIsNull"/>
  <testcase time="0" classname="userDataImpl.TestUserDataImpl" name="testPartyEnd"/>
  <testcase time="0.007" classname="userDataImpl.TestUserDataImpl" name="testPutSessionIdAndChatWS">
    <failure message="
userDataSet.visit();
Never wanted here:
-&gt; at userDataImpl.TestUserDataImpl.testPutSessionIdAndChatWS(TestUserDataImpl.java:293)
But invoked here:
-&gt; at frontend.UserDataImpl.putSessionIdAndChatWS(UserDataImpl.java:129)
" type="org.mockito.exceptions.verification.NeverWantedButInvoked">org.mockito.exceptions.verification.NeverWantedButInvoked: 
userDataSet.visit();
Never wanted here:
-&gt; at userDataImpl.TestUserDataImpl.testPutSessionIdAndChatWS(TestUserDataImpl.java:293)
But invoked here:
-&gt; at frontend.UserDataImpl.putSessionIdAndChatWS(UserDataImpl.java:129)

	at userDataImpl.TestUserDataImpl.testPutSessionIdAndChatWS(TestUserDataImpl.java:293)
</failure>
  </testcase>
  <testcase time="0.001" classname="userDataImpl.TestUserDataImpl" name="testCheckUsersKeepAliveEqualsOne"/>
  <testcase time="0" classname="userDataImpl.TestUserDataImpl" name="test"/>
  <testcase time="0.001" classname="userDataImpl.TestUserDataImpl" name="testUpdateUserIdOldUserIsNull"/>
  <testcase time="0" classname="userDataImpl.TestUserDataImpl" name="testUpUpdateUserIdNewUserIsNull"/>
  <testcase time="0.001" classname="userDataImpl.TestUserDataImpl" name="testPartyEndAllIsNull"/>
  <testcase time="0.501" classname="userDataImpl.TestUserDataImpl" name="testCreateGamesNoUsersWantToPlay"/>
  <testcase time="0.002" classname="userDataImpl.TestUserDataImpl" name="testGetChatWSBySessionId"/>
  <testcase time="0.001" classname="userDataImpl.TestUserDataImpl" name="testGetWSBySessionId"/>
  <testcase time="0.001" classname="userDataImpl.TestUserDataImpl" name="testGetLogInUserBySessionId"/>
  <testcase time="0.008" classname="frontend.handler.TestRegUserTargetGame" name="test"/>
  <testcase time="0.006" classname="frontend.handler.TestRegUserTarget404" name="testHandleNewUserTarget404"/>
  <testcase time="0" classname="chat.TestNewWSImpl" name="testOnWebSocketTextThereAreNoConnect"/>
  <testcase time="0" classname="chat.TestNewWSImpl" name="test"/>
  <testcase time="0.003" classname="frontend.handler.TestNUTargetGame" name="testHandleNewUserTargetMainPage">
    <failure type="java.lang.NullPointerException">java.lang.NullPointerException
	at frontend.FrontendImpl.getStatus(FrontendImpl.java:68)
	at frontend.FrontendImpl.handle(FrontendImpl.java:237)
	at frontend.handler.TestNUTargetGame.testHandleNewUserTargetMainPage(TestNUTargetGame.java:77)
</failure>
  </testcase>
  <testcase time="0" classname="gameClasses.SnapshotTest" name="testToStringTest"/>
  <testcase time="0" classname="gameClasses.SnapshotTest" name="testToString"/>
  <testcase time="0.005" classname="dbService.TestTExecutor" name="testFindUser"/>
  <testcase time="0" classname="gameClasses.StrokeTest" name="testInstance"/>
  <testcase time="0" classname="chat.TestGameChatImpl" name="testGetAddress"/>
  <testcase time="0.501" classname="chat.TestGameChatImpl" name="testRun"/>
  <testcase time="0" classname="chat.TestGameChatImpl" name="testGetMessageSystem"/>
  <testcase time="0.004" classname="frontend.handler.TestNUTargetRules" name="testHandleNewUserTargetRules">
    <failure type="java.lang.NullPointerException">java.lang.NullPointerException
	at frontend.FrontendImpl.getStatus(FrontendImpl.java:68)
	at frontend.FrontendImpl.handle(FrontendImpl.java:237)
	at frontend.handler.TestNUTargetRules.testHandleNewUserTargetRules(TestNUTargetRules.java:72)
</failure>
  </testcase>
  <testcase time="0.005" classname="frontend.handler.TestNUTargetRules" name="tearDownHandleNewUserTargetRules">
    <failure type="java.lang.NullPointerException">java.lang.NullPointerException
	at frontend.handler.TestNUTargetRules.tearDownHandleNewUserTargetRules(TestNUTargetRules.java:87)
</failure>
  </testcase>
  <testcase time="0.005" classname="frontend.handler.TestNUTarget404" name="testHandleNewUserTarget404">
    <failure message="expected object to not be null" type="java.lang.AssertionError">java.lang.AssertionError: expected object to not be null
	at org.testng.Assert.fail(Assert.java:94)
	at org.testng.Assert.assertNotNull(Assert.java:404)
	at org.testng.Assert.assertNotNull(Assert.java:389)
	at frontend.handler.TestNUTarget404.testHandleNewUserTarget404(TestNUTarget404.java:83)
</failure>
  </testcase>
  <testcase time="0.001" classname="gameMechanic.GameMechanicImplTest" name="testCheckStroke"/>
  <testcase time="0.026" classname="gameMechanic.GameMechanicImplTest" name="testCheckStrokeLose"/>
  <testcase time="0" classname="gameMechanic.GameMechanicImplTest" name="testCreateGames"/>
  <testcase time="0" classname="gameClasses.FieldTest" name="testField"/>
  <testcase time="0" classname="frontend.handler.TestRegUserTargetMainPage" name="testHandleNotNewUserTargetRules"/>
  <testcase time="0" classname="gameMechanic.GameSessionTest" name="testSaveAILog"/>
  <testcase time="0.003" classname="gameMechanic.GameSessionTest" name="testSaveLog"/>
  <testcase time="0" classname="resource.ResourceFactoryTest" name="testRating"/>
  <testcase time="0" classname="utils.SysInfoTest" name="testRunAfterCall"/>
  <testcase time="0" classname="utils.SysInfoTest" name="testGetStat"/>
</testsuite>