<?xml version="1.0" encoding="UTF-8"?>
<!-- Generated by org.testng.reporters.JUnitReportReporter -->
<testsuite hostname="Alexandr-PC" name="frontend.handler.TestRegUserTargetRegPost" tests="14" failures="0" timestamp="10 Apr 2014 14:11:50 GMT" time="1.334" errors="1">
  <testcase name="testStatusReadyTargetGame" time="0.020" classname="frontend.handler.TestRegUserTargetRegPost">
    <error type="java.lang.AssertionError" message="expected [true] but found [false]">
      <![CDATA[java.lang.AssertionError: expected [true] but found [false]
	at org.testng.Assert.fail(Assert.java:94)
	at org.testng.Assert.failNotEquals(Assert.java:494)
	at org.testng.Assert.assertTrue(Assert.java:42)
	at org.testng.Assert.assertTrue(Assert.java:52)
	at frontend.handler.TestRegUserTargetRegPost.testStatusReadyTargetGame(TestRegUserTargetRegPost.java:612)
	at sun.reflect.NativeMethodAccessorImpl.invoke0(Native Method)
	at sun.reflect.NativeMethodAccessorImpl.invoke(NativeMethodAccessorImpl.java:57)
	at sun.reflect.DelegatingMethodAccessorImpl.invoke(DelegatingMethodAccessorImpl.java:43)
	at java.lang.reflect.Method.invoke(Method.java:601)
	at org.testng.internal.MethodInvocationHelper.invokeMethod(MethodInvocationHelper.java:84)
	at org.testng.internal.Invoker.invokeMethod(Invoker.java:714)
	at org.testng.internal.Invoker.invokeTestMethod(Invoker.java:901)
	at org.testng.internal.Invoker.invokeTestMethods(Invoker.java:1231)
	at org.testng.internal.TestMethodWorker.invokeTestMethods(TestMethodWorker.java:127)
	at org.testng.internal.TestMethodWorker.run(TestMethodWorker.java:111)
	at org.testng.TestRunner.privateRun(TestRunner.java:767)
	at org.testng.TestRunner.run(TestRunner.java:617)
	at org.testng.SuiteRunner.runTest(SuiteRunner.java:334)
	at org.testng.SuiteRunner.runSequentially(SuiteRunner.java:329)
	at org.testng.SuiteRunner.privateRun(SuiteRunner.java:291)
	at org.testng.SuiteRunner.run(SuiteRunner.java:240)
	at org.testng.SuiteRunnerWorker.runSuite(SuiteRunnerWorker.java:52)
	at org.testng.SuiteRunnerWorker.run(SuiteRunnerWorker.java:86)
	at org.testng.TestNG.runSuitesSequentially(TestNG.java:1224)
	at org.testng.TestNG.runSuitesLocally(TestNG.java:1149)
	at org.testng.TestNG.run(TestNG.java:1057)
	at org.apache.maven.surefire.testng.TestNGExecutor.run(TestNGExecutor.java:77)
	at org.apache.maven.surefire.testng.TestNGDirectoryTestSuite.executeMulti(TestNGDirectoryTestSuite.java:159)
	at org.apache.maven.surefire.testng.TestNGDirectoryTestSuite.execute(TestNGDirectoryTestSuite.java:99)
	at org.apache.maven.surefire.testng.TestNGProvider.invoke(TestNGProvider.java:106)
	at sun.reflect.NativeMethodAccessorImpl.invoke0(Native Method)
	at sun.reflect.NativeMethodAccessorImpl.invoke(NativeMethodAccessorImpl.java:57)
	at sun.reflect.DelegatingMethodAccessorImpl.invoke(DelegatingMethodAccessorImpl.java:43)
	at java.lang.reflect.Method.invoke(Method.java:601)
	at org.apache.maven.surefire.util.ReflectionUtils.invokeMethodWithArray(ReflectionUtils.java:189)
	at org.apache.maven.surefire.booter.ProviderFactory$ProviderProxy.invoke(ProviderFactory.java:165)
	at org.apache.maven.surefire.booter.ProviderFactory.invokeProvider(ProviderFactory.java:85)
	at org.apache.maven.surefire.booter.ForkedBooter.runSuitesInProcess(ForkedBooter.java:115)
	at org.apache.maven.surefire.booter.ForkedBooter.main(ForkedBooter.java:75)
]]>
    </error>
  </testcase> <!-- testStatusReadyTargetGame -->
  <testcase name="testNUTarget404" time="0.185" classname="frontend.handler.TestRegUserTargetRegPost"/>
  <testcase name="testNUTargetGame" time="0.009" classname="frontend.handler.TestRegUserTargetRegPost"/>
  <testcase name="testStatusReadyTargetMainPage" time="0.213" classname="frontend.handler.TestRegUserTargetRegPost"/>
  <testcase name="testStatusReadyTargetReg" time="0.007" classname="frontend.handler.TestRegUserTargetRegPost"/>
  <testcase name="testTargetWait" time="0.213" classname="frontend.handler.TestRegUserTargetRegPost"/>
  <testcase name="testRegNickAndPasswordAreNotNull" time="0.012" classname="frontend.handler.TestRegUserTargetRegPost"/>
  <testcase name="testStatusReadyTargetProfile" time="0.211" classname="frontend.handler.TestRegUserTargetRegPost"/>
  <testcase name="testRegNickAndPasswordAreNull" time="0.208" classname="frontend.handler.TestRegUserTargetRegPost"/>
  <testcase name="testRegNickAndPasswdAreNull" time="0.214" classname="frontend.handler.TestRegUserTargetRegPost"/>
  <testcase name="testTargetWaitAndPostStatusZero" time="0.008" classname="frontend.handler.TestRegUserTargetRegPost"/>
  <testcase name="testNUTargetAdmin" time="0.020" classname="frontend.handler.TestRegUserTargetRegPost"/>
  <testcase name="testNickAndPasswordAreNotNull" time="0.006" classname="frontend.handler.TestRegUserTargetRegPost"/>
  <testcase name="testStatusReadyTargetLogout" time="0.008" classname="frontend.handler.TestRegUserTargetRegPost"/>
</testsuite> <!-- frontend.handler.TestRegUserTargetRegPost -->
